#
# A fatal error has been detected by the Java Runtime Environment:
#
#  SIGSEGV (0xb) at pc=0x00007f2a1b7e81f7, pid=9567, tid=139818779784960
#
# JRE version: OpenJDK Runtime Environment (7.0_65-b32) (build 1.7.0_65-b32)
# Java VM: OpenJDK 64-Bit Server VM (24.65-b04 mixed mode linux-amd64 compressed oops)
# Problematic frame:
# C  [libcrypto.so.1.0.0+0x6c1f7]  SHA256_Update+0x157
#
# Core dump written. Default location: /home/andi/NetBeansProjects/LinkSink/core or core.9567
#
# If you would like to submit a bug report, please include
# instructions on how to reproduce the bug and visit:
#   http://icedtea.classpath.org/bugzilla
# The crash happened outside the Java Virtual Machine in native code.
# See problematic frame for where to report the bug.
#

---------------  T H R E A D  ---------------

Current thread (0x00007f29d8032800):  JavaThread "pool-1-thread-1" [_thread_in_native, id=9610, stack(0x00007f2a18a3b000,0x00007f2a18b3c000)]

siginfo:si_signo=SIGSEGV: si_errno=0, si_code=1 (SEGV_MAPERR), si_addr=0x00007f2aa91cabec

Registers:
RAX=0x00007f2aa91cabec, RBX=0x0000000000000021, RCX=0x00007f2aa91cabf0, RDX=0x646e796c2e6d6f63
RSP=0x00007f2a18b3a120, RBP=0x00007f2a18b3a170, RSI=0x00007f29dc07d720, RDI=0x00007f2a18b3a170
R8 =0x00000000a652859d, R9 =0x0000000023136c1a, R10=0x00007f2a18b39f20, R11=0x00007f2a180bd610
R12=0x00007f2a18b3a198, R13=0x00007f29dc07d720, R14=0xffffffff6f96f5ec, R15=0x00007f2a18b3a5e0
RIP=0x00007f2a1b7e81f7, EFLAGS=0x0000000000010206, CSGSFS=0x7f34000000000033, ERR=0x0000000000000006
  TRAPNO=0x000000000000000e

Top of Stack: (sp=0x00007f2a18b3a120)
0x00007f2a18b3a120:   0000000000000001 00007f29dc078c40
0x00007f2a18b3a130:   0000000000000001 0000000000000021
0x00007f2a18b3a140:   00007f29dc07d720 00007f2a180bd710
0x00007f2a18b3a150:   00007f2a18b3a170 00007f2a18b3a170
0x00007f2a18b3a160:   00007f2a18b3a1d0 00007f29dc078e00
0x00007f2a18b3a170:   21b9de0bcf97fdef 5c027ed46808e919
0x00007f2a18b3a180:   d36442891ca7f390 311f5e6bf8e6b17b
0x00007f2a18b3a190:   0000000000000308 0000000000000000
0x00007f2a18b3a1a0:   0000000000000000 0000000000000000
0x00007f2a18b3a1b0:   0000000000000000 0000000000000000
0x00007f2a18b3a1c0:   0000000000000000 0000000000000000
0x00007f2a18b3a1d0:   0000000000000000 6880d63990690a54
0x00007f2a18b3a1e0:   1d7a6a457a481bd8 23136c1aa652859d
0x00007f2a18b3a1f0:   a5a71577179a745c 0000000000000200
0x00007f2a18b3a200:   0000000000000000 0000000000000000
0x00007f2a18b3a210:   0000000000000000 0000000000000000
0x00007f2a18b3a220:   0000000000000000 0000000000000000
0x00007f2a18b3a230:   0000000000000000 0000000000000000
0x00007f2a18b3a240:   0000002000000000 00007f2a18b3a260
0x00007f2a18b3a250:   0000000054fa9df6 00007f2a180ba535
0x00007f2a18b3a260:   00000000ffffffff 0000000002000000
0x00007f2a18b3a270:   00007f2a180ba468 00007f29dc0898d0
0x00007f2a18b3a280:   0000000002000080 00007f2a47bb198b
0x00007f2a18b3a290:   0000000500000000 000000010000007e
0x00007f2a18b3a2a0:   0000000002000070 00000000020000a0
0x00007f2a18b3a2b0:   00007f2a00200008 0000000000080002
0x00007f2a18b3a2c0:   0000000000001000 0000000000010000
0x00007f2a18b3a2d0:   000000000001005b 00007f2a182be018
0x00007f2a18b3a2e0:   00007f2a18b3b690 0000000000000021
0x00007f2a18b3a2f0:   00007f29dc07d720 00007f2a18b3a5e0
0x00007f2a18b3a300:   0000000000000000 00007f2a4852143d
0x00007f2a18b3a310:   0000000000000005 0000000000000000 

Instructions: (pc=0x00007f2a1b7e81f7)
0x00007f2a1b7e81d7:   00 8b 47 24 8d 48 01 e9 eb fe ff ff 0f 1f 44 00
0x00007f2a1b7e81e7:   00 49 8b 55 00 48 8d 48 08 4c 89 ee 48 83 e1 f8
0x00007f2a1b7e81f7:   48 89 10 4b 8b 54 2e f8 49 89 54 06 f8 48 29 c8
0x00007f2a1b7e8207:   48 29 c6 4c 01 f0 48 83 e0 f8 48 83 f8 08 0f 82 

Register to memory mapping:

RAX=0x00007f2aa91cabec is an unknown value
RBX=0x0000000000000021 is an unknown value
RCX=0x00007f2aa91cabf0 is an unknown value
RDX=0x646e796c2e6d6f63 is an unknown value
RSP=0x00007f2a18b3a120 is pointing into the stack for thread: 0x00007f29d8032800
RBP=0x00007f2a18b3a170 is pointing into the stack for thread: 0x00007f29d8032800
RSI=0x00007f29dc07d720 is an unknown value
RDI=0x00007f2a18b3a170 is pointing into the stack for thread: 0x00007f29d8032800
R8 =0x00000000a652859d is an unknown value
R9 =0x0000000023136c1a is an unknown value
R10=0x00007f2a18b39f20 is pointing into the stack for thread: 0x00007f29d8032800
R11=0x00007f2a180bd610: HMAC_SHA256_Update+0 in /tmp/scrypt8076424416495166384lib at 0x00007f2a180ba000
R12=0x00007f2a18b3a198 is pointing into the stack for thread: 0x00007f29d8032800
R13=0x00007f29dc07d720 is an unknown value
R14=0xffffffff6f96f5ec is an unknown value
R15=0x00007f2a18b3a5e0 is pointing into the stack for thread: 0x00007f29d8032800


Stack: [0x00007f2a18a3b000,0x00007f2a18b3c000],  sp=0x00007f2a18b3a120,  free space=1020k
Native frames: (J=compiled Java code, j=interpreted, Vv=VM code, C=native code)
C  [libcrypto.so.1.0.0+0x6c1f7]  SHA256_Update+0x157

Java frames: (J=compiled Java code, j=interpreted, Vv=VM code)
j  com.lambdaworks.crypto.SCrypt.scryptN([B[BIIII)[B+0
j  com.lambdaworks.crypto.SCrypt.scrypt([B[BIIII)[B+14
j  com.lyndir.lhunath.masterpassword.MasterPassword.keyForPassword(Ljava/lang/String;Ljava/lang/String;)[B+77
j  com.lyndir.lhunath.masterpassword.User.getKey()[B+47
j  com.lyndir.lhunath.masterpassword.GUI.signedIn(Lcom/lyndir/lhunath/masterpassword/User;)Z+10
j  com.lyndir.lhunath.masterpassword.UnlockFrame$5.run()V+14
j  com.lyndir.lhunath.masterpassword.Res$1.run()V+4
j  java.util.concurrent.Executors$RunnableAdapter.call()Ljava/lang/Object;+4
j  java.util.concurrent.FutureTask.run()V+42
j  java.util.concurrent.ThreadPoolExecutor.runWorker(Ljava/util/concurrent/ThreadPoolExecutor$Worker;)V+95
j  java.util.concurrent.ThreadPoolExecutor$Worker.run()V+5
j  java.lang.Thread.run()V+11
v  ~StubRoutines::call_stub

---------------  P R O C E S S  ---------------

Java Threads: ( => current thread )
=>0x00007f29d8032800 JavaThread "pool-1-thread-1" [_thread_in_native, id=9610, stack(0x00007f2a18a3b000,0x00007f2a18b3c000)]
  0x00007f29d802d000 JavaThread "TimerQueue" daemon [_thread_blocked, id=9606, stack(0x00007f2a182bf000,0x00007f2a183c0000)]
  0x00007f2a40008800 JavaThread "DestroyJavaVM" [_thread_blocked, id=9568, stack(0x00007f2a485f0000,0x00007f2a486f1000)]
  0x00007f2a403af000 JavaThread "AWT-EventQueue-0" [_thread_blocked, id=9604, stack(0x00007f2a18b3c000,0x00007f2a18c3d000)]
  0x00007f2a403a2000 JavaThread "AWT-Shutdown" [_thread_blocked, id=9603, stack(0x00007f2a18c3d000,0x00007f2a18d3e000)]
  0x00007f2a4037d000 JavaThread "AWT-XAWT" daemon [_thread_in_native, id=9602, stack(0x00007f2a18d3e000,0x00007f2a18e3f000)]
  0x00007f2a40354800 JavaThread "Java2D Disposer" daemon [_thread_blocked, id=9601, stack(0x00007f2a19250000,0x00007f2a19351000)]
  0x00007f2a401fe800 JavaThread "Service Thread" daemon [_thread_blocked, id=9599, stack(0x00007f2a2ebf7000,0x00007f2a2ecf8000)]
  0x00007f2a401fc000 JavaThread "C2 CompilerThread1" daemon [_thread_blocked, id=9598, stack(0x00007f2a2ecf8000,0x00007f2a2edf9000)]
  0x00007f2a401f9000 JavaThread "C2 CompilerThread0" daemon [_thread_blocked, id=9597, stack(0x00007f2a2edf9000,0x00007f2a2eefa000)]
  0x00007f2a401f7000 JavaThread "Signal Dispatcher" daemon [_thread_blocked, id=9596, stack(0x00007f2a2eefa000,0x00007f2a2effb000)]
  0x00007f2a401ca000 JavaThread "Finalizer" daemon [_thread_blocked, id=9595, stack(0x00007f2a2f2f3000,0x00007f2a2f3f4000)]
  0x00007f2a401c8000 JavaThread "Reference Handler" daemon [_thread_blocked, id=9594, stack(0x00007f2a2f3f4000,0x00007f2a2f4f5000)]

Other Threads:
  0x00007f2a401c3800 VMThread [stack: 0x00007f2a2f4f5000,0x00007f2a2f5f6000] [id=9592]
  0x00007f2a40201800 WatcherThread [stack: 0x00007f2a2eaf6000,0x00007f2a2ebf7000] [id=9600]

VM state:not at safepoint (normal execution)

VM Mutex/Monitor currently owned by a thread: None

Heap
 PSYoungGen      total 36864K, used 10800K [0x00000007d6f00000, 0x00000007d9800000, 0x0000000800000000)
  eden space 31744K, 34% used [0x00000007d6f00000,0x00000007d798c380,0x00000007d8e00000)
  from space 5120K, 0% used [0x00000007d9300000,0x00000007d9300000,0x00000007d9800000)
  to   space 5120K, 0% used [0x00000007d8e00000,0x00000007d8e00000,0x00000007d9300000)
 ParOldGen       total 83968K, used 0K [0x0000000784e00000, 0x000000078a000000, 0x00000007d6f00000)
  object space 83968K, 0% used [0x0000000784e00000,0x0000000784e00000,0x000000078a000000)
 PSPermGen       total 21504K, used 14960K [0x000000077a800000, 0x000000077bd00000, 0x0000000784e00000)
  object space 21504K, 69% used [0x000000077a800000,0x000000077b69c208,0x000000077bd00000)

Card table byte_map: [0x00007f2a4537e000,0x00007f2a457ab000] byte_map_base: 0x00007f2a417aa000

Polling page: 0x00007f2a48731000

Code Cache  [0x00007f2a3d000000, 0x00007f2a3d270000, 0x00007f2a40000000)
 total_blobs=540 nmethods=52 adapters=441 free_code_cache=48497Kb largest_free_block=49641664

Compilation events (10 events):
Event: 11,476 Thread 0x00007f2a401f9000   48             java.util.HashMap::hash (55 bytes)
Event: 11,477 Thread 0x00007f2a401f9000 nmethod 48 0x00007f2a3d0a1990 code [0x00007f2a3d0a1ae0, 0x00007f2a3d0a1c28]
Event: 11,486 Thread 0x00007f2a401fc000   49             java.util.Properties::load0 (250 bytes)
Event: 11,501 Thread 0x00007f2a401f9000   50             java.util.HashMap::getEntry (86 bytes)
Event: 11,502 Thread 0x00007f2a401fc000 nmethod 49 0x00007f2a3d0a6d50 code [0x00007f2a3d0a6f20, 0x00007f2a3d0a7e40]
Event: 11,504 Thread 0x00007f2a401f9000 nmethod 50 0x00007f2a3d0a3990 code [0x00007f2a3d0a3b00, 0x00007f2a3d0a3d08]
Event: 11,509 Thread 0x00007f2a401fc000   51             java.lang.CharacterData::of (120 bytes)
Event: 11,509 Thread 0x00007f2a401f9000   52             java.lang.CharacterDataLatin1::getProperties (11 bytes)
Event: 11,510 Thread 0x00007f2a401f9000 nmethod 52 0x00007f2a3d0a0b50 code [0x00007f2a3d0a0c80, 0x00007f2a3d0a0d18]
Event: 11,510 Thread 0x00007f2a401fc000 nmethod 51 0x00007f2a3d0a3650 code [0x00007f2a3d0a37a0, 0x00007f2a3d0a3878]

GC Heap History (0 events):
No events

Deoptimization events (6 events):
Event: 0,394 Thread 0x00007f2a40008800 Uncommon trap: reason=class_check action=maybe_recompile pc=0x00007f2a3d08eb28 method=java.util.Properties$LineReader.readLine()I @ 62
Event: 0,394 Thread 0x00007f2a40008800 Uncommon trap: reason=class_check action=maybe_recompile pc=0x00007f2a3d08eb28 method=java.util.Properties$LineReader.readLine()I @ 62
Event: 2,597 Thread 0x00007f2a403af000 Uncommon trap: reason=class_check action=maybe_recompile pc=0x00007f2a3d081618 method=java.lang.String.equals(Ljava/lang/Object;)Z @ 8
Event: 2,597 Thread 0x00007f2a403af000 Uncommon trap: reason=class_check action=maybe_recompile pc=0x00007f2a3d081618 method=java.lang.String.equals(Ljava/lang/Object;)Z @ 8
Event: 3,571 Thread 0x00007f2a403af000 Uncommon trap: reason=class_check action=maybe_recompile pc=0x00007f2a3d081618 method=java.lang.String.equals(Ljava/lang/Object;)Z @ 8
Event: 3,571 Thread 0x00007f2a403af000 Uncommon trap: reason=class_check action=maybe_recompile pc=0x00007f2a3d081618 method=java.lang.String.equals(Ljava/lang/Object;)Z @ 8

Internal exceptions (10 events):
Event: 11,503 Thread 0x00007f29d8032800 Threw 0x00000007d792fc20 at /build/java7-openjdk/src/icedtea-2.5.1/openjdk/hotspot/src/share/vm/prims/jvm.cpp:1247
Event: 11,503 Thread 0x00007f29d8032800 Threw 0x00000007d79346f0 at /build/java7-openjdk/src/icedtea-2.5.1/openjdk/hotspot/src/share/vm/prims/jvm.cpp:1247
Event: 11,504 Thread 0x00007f29d8032800 Threw 0x00000007d7939460 at /build/java7-openjdk/src/icedtea-2.5.1/openjdk/hotspot/src/share/vm/prims/jvm.cpp:1247
Event: 11,504 Thread 0x00007f29d8032800 Threw 0x00000007d793b478 at /build/java7-openjdk/src/icedtea-2.5.1/openjdk/hotspot/src/share/vm/prims/jvm.cpp:1247
Event: 11,504 Thread 0x00007f29d8032800 Threw 0x00000007d793ce10 at /build/java7-openjdk/src/icedtea-2.5.1/openjdk/hotspot/src/share/vm/prims/jvm.cpp:1247
Event: 11,505 Thread 0x00007f29d8032800 Threw 0x00000007d7941fa8 at /build/java7-openjdk/src/icedtea-2.5.1/openjdk/hotspot/src/share/vm/prims/jvm.cpp:1247
Event: 11,505 Thread 0x00007f29d8032800 Threw 0x00000007d7944ad0 at /build/java7-openjdk/src/icedtea-2.5.1/openjdk/hotspot/src/share/vm/prims/jvm.cpp:1247
Event: 11,505 Thread 0x00007f29d8032800 Threw 0x00000007d7946790 at /build/java7-openjdk/src/icedtea-2.5.1/openjdk/hotspot/src/share/vm/prims/jvm.cpp:1247
Event: 11,506 Thread 0x00007f29d8032800 Threw 0x00000007d7949ec8 at /build/java7-openjdk/src/icedtea-2.5.1/openjdk/hotspot/src/share/vm/prims/jvm.cpp:1247
Event: 11,506 Thread 0x00007f29d8032800 Threw 0x00000007d794daf0 at /build/java7-openjdk/src/icedtea-2.5.1/openjdk/hotspot/src/share/vm/prims/jvm.cpp:1247

Events (10 events):
Event: 11,515 loading class 0x00007f29fc11f600 done
Event: 11,515 loading class 0x00007f2a4020d630 done
Event: 11,515 loading class 0x00007f29dc06ace0
Event: 11,515 loading class 0x00007f29fc11fb10
Event: 11,515 loading class 0x00007f29fc11fb10 done
Event: 11,515 loading class 0x00007f29dc06ace0 done
Event: 11,515 loading class 0x00007f29fc11f5d0
Event: 11,515 loading class 0x00007f29fc11f5d0 done
Event: 11,515 loading class 0x00007f29fc11fb90
Event: 11,515 loading class 0x00007f29fc11fb90 done


Dynamic libraries:
00400000-00401000 r-xp 00000000 103:06 4201325                           /usr/lib/jvm/java-7-openjdk/jre/bin/java
00600000-00601000 rw-p 00000000 103:06 4201325                           /usr/lib/jvm/java-7-openjdk/jre/bin/java
01c81000-01ca2000 rw-p 00000000 00:00 0                                  [heap]
77a800000-77bd00000 rw-p 00000000 00:00 0 
77bd00000-784e00000 rw-p 00000000 00:00 0 
784e00000-78a000000 rw-p 00000000 00:00 0 
78a000000-7d6f00000 rw-p 00000000 00:00 0 
7d6f00000-7d9800000 rw-p 00000000 00:00 0 
7d9800000-800000000 rw-p 00000000 00:00 0 
7f29d0000000-7f29d0021000 rw-p 00000000 00:00 0 
7f29d0021000-7f29d4000000 ---p 00000000 00:00 0 
7f29d8000000-7f29d803d000 rw-p 00000000 00:00 0 
7f29d803d000-7f29dc000000 ---p 00000000 00:00 0 
7f29dc000000-7f29dc08c000 rw-p 00000000 00:00 0 
7f29dc08c000-7f29e0000000 ---p 00000000 00:00 0 
7f29e0000000-7f29e0021000 rw-p 00000000 00:00 0 
7f29e0021000-7f29e4000000 ---p 00000000 00:00 0 
7f29e4000000-7f29e4021000 rw-p 00000000 00:00 0 
7f29e4021000-7f29e8000000 ---p 00000000 00:00 0 
7f29e8000000-7f29e8021000 rw-p 00000000 00:00 0 
7f29e8021000-7f29ec000000 ---p 00000000 00:00 0 
7f29ec000000-7f29ec021000 rw-p 00000000 00:00 0 
7f29ec021000-7f29f0000000 ---p 00000000 00:00 0 
7f29f0000000-7f29f02ab000 rw-p 00000000 00:00 0 
7f29f02ab000-7f29f4000000 ---p 00000000 00:00 0 
7f29f4000000-7f29f4021000 rw-p 00000000 00:00 0 
7f29f4021000-7f29f8000000 ---p 00000000 00:00 0 
7f29f8000000-7f29f8021000 rw-p 00000000 00:00 0 
7f29f8021000-7f29fc000000 ---p 00000000 00:00 0 
7f29fc000000-7f29fc58b000 rw-p 00000000 00:00 0 
7f29fc58b000-7f2a00000000 ---p 00000000 00:00 0 
7f2a00000000-7f2a00021000 rw-p 00000000 00:00 0 
7f2a00021000-7f2a04000000 ---p 00000000 00:00 0 
7f2a04000000-7f2a04021000 rw-p 00000000 00:00 0 
7f2a04021000-7f2a08000000 ---p 00000000 00:00 0 
7f2a08000000-7f2a08021000 rw-p 00000000 00:00 0 
7f2a08021000-7f2a0c000000 ---p 00000000 00:00 0 
7f2a0dd3f000-7f2a14000000 rw-p 00000000 00:00 0 
7f2a14000000-7f2a14021000 rw-p 00000000 00:00 0 
7f2a14021000-7f2a18000000 ---p 00000000 00:00 0 
7f2a180ba000-7f2a180be000 r-xp 00000000 00:20 977564                     /tmp/scrypt8076424416495166384lib (deleted)
7f2a180be000-7f2a182bd000 ---p 00004000 00:20 977564                     /tmp/scrypt8076424416495166384lib (deleted)
7f2a182bd000-7f2a182be000 r--p 00003000 00:20 977564                     /tmp/scrypt8076424416495166384lib (deleted)
7f2a182be000-7f2a182bf000 rw-p 00004000 00:20 977564                     /tmp/scrypt8076424416495166384lib (deleted)
7f2a182bf000-7f2a182c2000 ---p 00000000 00:00 0 
7f2a182c2000-7f2a183c0000 rw-p 00000000 00:00 0                          [stack:9606]
7f2a183c0000-7f2a183d0000 r-xp 00000000 103:06 4469294                   /usr/lib/jvm/java-7-openjdk/jre/lib/amd64/libnio.so
7f2a183d0000-7f2a185d0000 ---p 00010000 103:06 4469294                   /usr/lib/jvm/java-7-openjdk/jre/lib/amd64/libnio.so
7f2a185d0000-7f2a185d1000 rw-p 00010000 103:06 4469294                   /usr/lib/jvm/java-7-openjdk/jre/lib/amd64/libnio.so
7f2a185d1000-7f2a185e7000 r-xp 00000000 103:06 4469289                   /usr/lib/jvm/java-7-openjdk/jre/lib/amd64/libnet.so
7f2a185e7000-7f2a187e7000 ---p 00016000 103:06 4469289                   /usr/lib/jvm/java-7-openjdk/jre/lib/amd64/libnet.so
7f2a187e7000-7f2a187e8000 rw-p 00016000 103:06 4469289                   /usr/lib/jvm/java-7-openjdk/jre/lib/amd64/libnet.so
7f2a187e8000-7f2a18838000 r-xp 00000000 103:06 4470231                   /usr/lib/jvm/java-7-openjdk/jre/lib/amd64/libfontmanager.so
7f2a18838000-7f2a18a37000 ---p 00050000 103:06 4470231                   /usr/lib/jvm/java-7-openjdk/jre/lib/amd64/libfontmanager.so
7f2a18a37000-7f2a18a3b000 rw-p 0004f000 103:06 4470231                   /usr/lib/jvm/java-7-openjdk/jre/lib/amd64/libfontmanager.so
7f2a18a3b000-7f2a18a3e000 ---p 00000000 00:00 0 
7f2a18a3e000-7f2a18b3c000 rw-p 00000000 00:00 0                          [stack:9610]
7f2a18b3c000-7f2a18b3f000 ---p 00000000 00:00 0 
7f2a18b3f000-7f2a18c3d000 rw-p 00000000 00:00 0                          [stack:9604]
7f2a18c3d000-7f2a18c40000 ---p 00000000 00:00 0 
7f2a18c40000-7f2a18d3e000 rw-p 00000000 00:00 0                          [stack:9603]
7f2a18d3e000-7f2a18d41000 ---p 00000000 00:00 0 
7f2a18d41000-7f2a18e3f000 rw-p 00000000 00:00 0                          [stack:9602]
7f2a18e3f000-7f2a18e44000 r-xp 00000000 103:06 3691828                   /usr/lib/libXfixes.so.3.1.0
7f2a18e44000-7f2a19043000 ---p 00005000 103:06 3691828                   /usr/lib/libXfixes.so.3.1.0
7f2a19043000-7f2a19044000 r--p 00004000 103:06 3691828                   /usr/lib/libXfixes.so.3.1.0
7f2a19044000-7f2a19045000 rw-p 00005000 103:06 3691828                   /usr/lib/libXfixes.so.3.1.0
7f2a19045000-7f2a1904f000 r-xp 00000000 103:06 3691857                   /usr/lib/libXcursor.so.1.0.2
7f2a1904f000-7f2a1924e000 ---p 0000a000 103:06 3691857                   /usr/lib/libXcursor.so.1.0.2
7f2a1924e000-7f2a1924f000 r--p 00009000 103:06 3691857                   /usr/lib/libXcursor.so.1.0.2
7f2a1924f000-7f2a19250000 rw-p 0000a000 103:06 3691857                   /usr/lib/libXcursor.so.1.0.2
7f2a19250000-7f2a19253000 ---p 00000000 00:00 0 
7f2a19253000-7f2a19351000 rw-p 00000000 00:00 0                          [stack:9601]
7f2a19351000-7f2a1936d000 r-xp 00000000 103:06 3694012                   /usr/lib/libgraphite2.so.3.0.1
7f2a1936d000-7f2a1956c000 ---p 0001c000 103:06 3694012                   /usr/lib/libgraphite2.so.3.0.1
7f2a1956c000-7f2a1956e000 r--p 0001b000 103:06 3694012                   /usr/lib/libgraphite2.so.3.0.1
7f2a1956e000-7f2a1956f000 rw-p 0001d000 103:06 3694012                   /usr/lib/libgraphite2.so.3.0.1
7f2a1956f000-7f2a19572000 r-xp 00000000 103:06 3718139                   /usr/lib/libkeyutils.so.1.5
7f2a19572000-7f2a19771000 ---p 00003000 103:06 3718139                   /usr/lib/libkeyutils.so.1.5
7f2a19771000-7f2a19772000 r--p 00002000 103:06 3718139                   /usr/lib/libkeyutils.so.1.5
7f2a19772000-7f2a19773000 rw-p 00003000 103:06 3718139                   /usr/lib/libkeyutils.so.1.5
7f2a19773000-7f2a1977f000 r-xp 00000000 103:06 3697174                   /usr/lib/libkrb5support.so.0.1
7f2a1977f000-7f2a1997e000 ---p 0000c000 103:06 3697174                   /usr/lib/libkrb5support.so.0.1
7f2a1997e000-7f2a1997f000 r--p 0000b000 103:06 3697174                   /usr/lib/libkrb5support.so.0.1
7f2a1997f000-7f2a19980000 rw-p 0000c000 103:06 3697174                   /usr/lib/libkrb5support.so.0.1
7f2a19980000-7f2a19985000 r-xp 00000000 103:06 3687872                   /usr/lib/libXdmcp.so.6.0.0
7f2a19985000-7f2a19b84000 ---p 00005000 103:06 3687872                   /usr/lib/libXdmcp.so.6.0.0
7f2a19b84000-7f2a19b85000 r--p 00004000 103:06 3687872                   /usr/lib/libXdmcp.so.6.0.0
7f2a19b85000-7f2a19b86000 rw-p 00005000 103:06 3687872                   /usr/lib/libXdmcp.so.6.0.0
7f2a19b86000-7f2a19b88000 r-xp 00000000 103:06 3687940                   /usr/lib/libXau.so.6.0.0
7f2a19b88000-7f2a19d88000 ---p 00002000 103:06 3687940                   /usr/lib/libXau.so.6.0.0
7f2a19d88000-7f2a19d89000 r--p 00002000 103:06 3687940                   /usr/lib/libXau.so.6.0.0
7f2a19d89000-7f2a19d8a000 rw-p 00003000 103:06 3687940                   /usr/lib/libXau.so.6.0.0
7f2a19d8a000-7f2a19d9e000 r-xp 00000000 103:06 3673346                   /usr/lib/libresolv-2.19.so
7f2a19d9e000-7f2a19f9d000 ---p 00014000 103:06 3673346                   /usr/lib/libresolv-2.19.so
7f2a19f9d000-7f2a19f9e000 r--p 00013000 103:06 3673346                   /usr/lib/libresolv-2.19.so
7f2a19f9e000-7f2a19f9f000 rw-p 00014000 103:06 3673346                   /usr/lib/libresolv-2.19.so
7f2a19f9f000-7f2a19fa1000 rw-p 00000000 00:00 0 
7f2a19fa1000-7f2a1a00a000 r-xp 00000000 103:06 3677559                   /usr/lib/libpcre.so.1.2.3
7f2a1a00a000-7f2a1a209000 ---p 00069000 103:06 3677559                   /usr/lib/libpcre.so.1.2.3
7f2a1a209000-7f2a1a20a000 r--p 00068000 103:06 3677559                   /usr/lib/libpcre.so.1.2.3
7f2a1a20a000-7f2a1a20b000 rw-p 00069000 103:06 3677559                   /usr/lib/libpcre.so.1.2.3
7f2a1a20b000-7f2a1a20e000 r-xp 00000000 103:06 3678200                   /usr/lib/libgmodule-2.0.so.0.4000.0
7f2a1a20e000-7f2a1a40d000 ---p 00003000 103:06 3678200                   /usr/lib/libgmodule-2.0.so.0.4000.0
7f2a1a40d000-7f2a1a40e000 r--p 00002000 103:06 3678200                   /usr/lib/libgmodule-2.0.so.0.4000.0
7f2a1a40e000-7f2a1a40f000 rw-p 00003000 103:06 3678200                   /usr/lib/libgmodule-2.0.so.0.4000.0
7f2a1a40f000-7f2a1a416000 r-xp 00000000 103:06 3677758                   /usr/lib/libffi.so.6.0.2
7f2a1a416000-7f2a1a615000 ---p 00007000 103:06 3677758                   /usr/lib/libffi.so.6.0.2
7f2a1a615000-7f2a1a616000 r--p 00006000 103:06 3677758                   /usr/lib/libffi.so.6.0.2
7f2a1a616000-7f2a1a617000 rw-p 00007000 103:06 3677758                   /usr/lib/libffi.so.6.0.2
7f2a1a617000-7f2a1a66c000 r-xp 00000000 103:06 3729180                   /usr/lib/libharfbuzz.so.0.932.0
7f2a1a66c000-7f2a1a86b000 ---p 00055000 103:06 3729180                   /usr/lib/libharfbuzz.so.0.932.0
7f2a1a86b000-7f2a1a86d000 r--p 00054000 103:06 3729180                   /usr/lib/libharfbuzz.so.0.932.0
7f2a1a86d000-7f2a1a86e000 rw-p 00056000 103:06 3729180                   /usr/lib/libharfbuzz.so.0.932.0
7f2a1a86e000-7f2a1a8a3000 r-xp 00000000 103:06 3687887                   /usr/lib/libpng16.so.16.12.0
7f2a1a8a3000-7f2a1aaa2000 ---p 00035000 103:06 3687887                   /usr/lib/libpng16.so.16.12.0
7f2a1aaa2000-7f2a1aaa3000 r--p 00034000 103:06 3687887                   /usr/lib/libpng16.so.16.12.0
7f2a1aaa3000-7f2a1aaa4000 rw-p 00035000 103:06 3687887                   /usr/lib/libpng16.so.16.12.0
7f2a1aaa4000-7f2a1aab3000 r-xp 00000000 103:06 3676279                   /usr/lib/libbz2.so.1.0.6
7f2a1aab3000-7f2a1acb2000 ---p 0000f000 103:06 3676279                   /usr/lib/libbz2.so.1.0.6
7f2a1acb2000-7f2a1acb4000 rw-p 0000e000 103:06 3676279                   /usr/lib/libbz2.so.1.0.6
7f2a1acb4000-7f2a1acdb000 r-xp 00000000 103:06 3677484                   /usr/lib/libexpat.so.1.6.0
7f2a1acdb000-7f2a1aedb000 ---p 00027000 103:06 3677484                   /usr/lib/libexpat.so.1.6.0
7f2a1aedb000-7f2a1aedd000 r--p 00027000 103:06 3677484                   /usr/lib/libexpat.so.1.6.0
7f2a1aedd000-7f2a1aede000 rw-p 00029000 103:06 3677484                   /usr/lib/libexpat.so.1.6.0
7f2a1aede000-7f2a1aee6000 r-xp 00000000 103:06 3673450                   /usr/lib/libcrypt-2.19.so
7f2a1aee6000-7f2a1b0e6000 ---p 00008000 103:06 3673450                   /usr/lib/libcrypt-2.19.so
7f2a1b0e6000-7f2a1b0e7000 r--p 00008000 103:06 3673450                   /usr/lib/libcrypt-2.19.so
7f2a1b0e7000-7f2a1b0e8000 rw-p 00009000 103:06 3673450                   /usr/lib/libcrypt-2.19.so
7f2a1b0e8000-7f2a1b116000 rw-p 00000000 00:00 0 
7f2a1b116000-7f2a1b15d000 r-xp 00000000 103:06 3687939                   /usr/lib/libdbus-1.so.3.8.6
7f2a1b15d000-7f2a1b35c000 ---p 00047000 103:06 3687939                   /usr/lib/libdbus-1.so.3.8.6
7f2a1b35c000-7f2a1b35d000 r--p 00046000 103:06 3687939                   /usr/lib/libdbus-1.so.3.8.6
7f2a1b35d000-7f2a1b35e000 rw-p 00047000 103:06 3687939                   /usr/lib/libdbus-1.so.3.8.6
7f2a1b35e000-7f2a1b36e000 r-xp 00000000 103:06 3693916                   /usr/lib/libavahi-client.so.3.2.9
7f2a1b36e000-7f2a1b56d000 ---p 00010000 103:06 3693916                   /usr/lib/libavahi-client.so.3.2.9
7f2a1b56d000-7f2a1b56e000 r--p 0000f000 103:06 3693916                   /usr/lib/libavahi-client.so.3.2.9
7f2a1b56e000-7f2a1b56f000 rw-p 00010000 103:06 3693916                   /usr/lib/libavahi-client.so.3.2.9
7f2a1b56f000-7f2a1b57b000 r-xp 00000000 103:06 3693906                   /usr/lib/libavahi-common.so.3.5.3
7f2a1b57b000-7f2a1b77a000 ---p 0000c000 103:06 3693906                   /usr/lib/libavahi-common.so.3.5.3
7f2a1b77a000-7f2a1b77b000 r--p 0000b000 103:06 3693906                   /usr/lib/libavahi-common.so.3.5.3
7f2a1b77b000-7f2a1b77c000 rw-p 0000c000 103:06 3693906                   /usr/lib/libavahi-common.so.3.5.3
7f2a1b77c000-7f2a1b962000 r-xp 00000000 103:06 3682216                   /usr/lib/libcrypto.so.1.0.0
7f2a1b962000-7f2a1bb62000 ---p 001e6000 103:06 3682216                   /usr/lib/libcrypto.so.1.0.0
7f2a1bb62000-7f2a1bb7e000 r--p 001e6000 103:06 3682216                   /usr/lib/libcrypto.so.1.0.0
7f2a1bb7e000-7f2a1bb8a000 rw-p 00202000 103:06 3682216                   /usr/lib/libcrypto.so.1.0.0
7f2a1bb8a000-7f2a1bb8e000 rw-p 00000000 00:00 0 
7f2a1bb8e000-7f2a1bbf2000 r-xp 00000000 103:06 3682215                   /usr/lib/libssl.so.1.0.0
7f2a1bbf2000-7f2a1bdf1000 ---p 00064000 103:06 3682215                   /usr/lib/libssl.so.1.0.0
7f2a1bdf1000-7f2a1bdf5000 r--p 00063000 103:06 3682215                   /usr/lib/libssl.so.1.0.0
7f2a1bdf5000-7f2a1bdfc000 rw-p 00067000 103:06 3682215                   /usr/lib/libssl.so.1.0.0
7f2a1bdfc000-7f2a1bdff000 r-xp 00000000 103:06 3679617                   /usr/lib/libcom_err.so.2.1
7f2a1bdff000-7f2a1bffe000 ---p 00003000 103:06 3679617                   /usr/lib/libcom_err.so.2.1
7f2a1bffe000-7f2a1bfff000 r--p 00002000 103:06 3679617                   /usr/lib/libcom_err.so.2.1
7f2a1bfff000-7f2a1c000000 rw-p 00003000 103:06 3679617                   /usr/lib/libcom_err.so.2.1
7f2a1c000000-7f2a1c021000 rw-p 00000000 00:00 0 
7f2a1c021000-7f2a20000000 ---p 00000000 00:00 0 
7f2a20000000-7f2a20021000 rw-p 00000000 00:00 0 
7f2a20021000-7f2a24000000 ---p 00000000 00:00 0 
7f2a24000000-7f2a24021000 rw-p 00000000 00:00 0 
7f2a24021000-7f2a28000000 ---p 00000000 00:00 0 
7f2a28000000-7f2a28021000 rw-p 00000000 00:00 0 
7f2a28021000-7f2a2c000000 ---p 00000000 00:00 0 
7f2a2c0bf000-7f2a2c0ee000 r-xp 00000000 103:06 3697171                   /usr/lib/libk5crypto.so.3.1
7f2a2c0ee000-7f2a2c2ed000 ---p 0002f000 103:06 3697171                   /usr/lib/libk5crypto.so.3.1
7f2a2c2ed000-7f2a2c2ef000 r--p 0002e000 103:06 3697171                   /usr/lib/libk5crypto.so.3.1
7f2a2c2ef000-7f2a2c2f0000 rw-p 00030000 103:06 3697171                   /usr/lib/libk5crypto.so.3.1
7f2a2c2f0000-7f2a2c2f1000 rw-p 00000000 00:00 0 
7f2a2c2f1000-7f2a2c3c2000 r-xp 00000000 103:06 3693781                   /usr/lib/libkrb5.so.3.3
7f2a2c3c2000-7f2a2c5c2000 ---p 000d1000 103:06 3693781                   /usr/lib/libkrb5.so.3.3
7f2a2c5c2000-7f2a2c5cf000 r--p 000d1000 103:06 3693781                   /usr/lib/libkrb5.so.3.3
7f2a2c5cf000-7f2a2c5d2000 rw-p 000de000 103:06 3693781                   /usr/lib/libkrb5.so.3.3
7f2a2c5d2000-7f2a2c61a000 r-xp 00000000 103:06 3693805                   /usr/lib/libgssapi_krb5.so.2.2
7f2a2c61a000-7f2a2c81a000 ---p 00048000 103:06 3693805                   /usr/lib/libgssapi_krb5.so.2.2
7f2a2c81a000-7f2a2c81c000 r--p 00048000 103:06 3693805                   /usr/lib/libgssapi_krb5.so.2.2
7f2a2c81c000-7f2a2c81e000 rw-p 0004a000 103:06 3693805                   /usr/lib/libgssapi_krb5.so.2.2
7f2a2c81e000-7f2a2c83f000 r-xp 00000000 103:06 3716901                   /usr/lib/libxcb.so.1.1.0
7f2a2c83f000-7f2a2ca3e000 ---p 00021000 103:06 3716901                   /usr/lib/libxcb.so.1.1.0
7f2a2ca3e000-7f2a2ca3f000 r--p 00020000 103:06 3716901                   /usr/lib/libxcb.so.1.1.0
7f2a2ca3f000-7f2a2ca40000 rw-p 00021000 103:06 3716901                   /usr/lib/libxcb.so.1.1.0
7f2a2ca40000-7f2a2cb45000 r-xp 00000000 103:06 3678199                   /usr/lib/libglib-2.0.so.0.4000.0
7f2a2cb45000-7f2a2cd45000 ---p 00105000 103:06 3678199                   /usr/lib/libglib-2.0.so.0.4000.0
7f2a2cd45000-7f2a2cd46000 r--p 00105000 103:06 3678199                   /usr/lib/libglib-2.0.so.0.4000.0
7f2a2cd46000-7f2a2cd47000 rw-p 00106000 103:06 3678199                   /usr/lib/libglib-2.0.so.0.4000.0
7f2a2cd47000-7f2a2cd48000 rw-p 00000000 00:00 0 
7f2a2cd48000-7f2a2cd96000 r-xp 00000000 103:06 3678202                   /usr/lib/libgobject-2.0.so.0.4000.0
7f2a2cd96000-7f2a2cf96000 ---p 0004e000 103:06 3678202                   /usr/lib/libgobject-2.0.so.0.4000.0
7f2a2cf96000-7f2a2cf97000 r--p 0004e000 103:06 3678202                   /usr/lib/libgobject-2.0.so.0.4000.0
7f2a2cf97000-7f2a2cf98000 rw-p 0004f000 103:06 3678202                   /usr/lib/libgobject-2.0.so.0.4000.0
7f2a2cf98000-7f2a2d101000 r-xp 00000000 103:06 3678203                   /usr/lib/libgio-2.0.so.0.4000.0
7f2a2d101000-7f2a2d301000 ---p 00169000 103:06 3678203                   /usr/lib/libgio-2.0.so.0.4000.0
7f2a2d301000-7f2a2d305000 r--p 00169000 103:06 3678203                   /usr/lib/libgio-2.0.so.0.4000.0
7f2a2d305000-7f2a2d307000 rw-p 0016d000 103:06 3678203                   /usr/lib/libgio-2.0.so.0.4000.0
7f2a2d307000-7f2a2d309000 rw-p 00000000 00:00 0 
7f2a2d309000-7f2a2d3ac000 r-xp 00000000 103:06 3687897                   /usr/lib/libfreetype.so.6.11.2
7f2a2d3ac000-7f2a2d5ab000 ---p 000a3000 103:06 3687897                   /usr/lib/libfreetype.so.6.11.2
7f2a2d5ab000-7f2a2d5b1000 r--p 000a2000 103:06 3687897                   /usr/lib/libfreetype.so.6.11.2
7f2a2d5b1000-7f2a2d5b2000 rw-p 000a8000 103:06 3687897                   /usr/lib/libfreetype.so.6.11.2
7f2a2d5b2000-7f2a2d5ed000 r-xp 00000000 103:06 3691257                   /usr/lib/libfontconfig.so.1.8.0
7f2a2d5ed000-7f2a2d7ec000 ---p 0003b000 103:06 3691257                   /usr/lib/libfontconfig.so.1.8.0
7f2a2d7ec000-7f2a2d7ee000 r--p 0003a000 103:06 3691257                   /usr/lib/libfontconfig.so.1.8.0
7f2a2d7ee000-7f2a2d7ef000 rw-p 0003c000 103:06 3691257                   /usr/lib/libfontconfig.so.1.8.0
7f2a2d7ef000-7f2a2d85f000 r-xp 00000000 103:06 3712222                   /usr/lib/libcups.so.2
7f2a2d85f000-7f2a2da5e000 ---p 00070000 103:06 3712222                   /usr/lib/libcups.so.2
7f2a2da5e000-7f2a2da66000 rw-p 0006f000 103:06 3712222                   /usr/lib/libcups.so.2
7f2a2da66000-7f2a2da75000 r-xp 00000000 103:06 3762768                   /usr/lib/libXi.so.6.1.0
7f2a2da75000-7f2a2dc75000 ---p 0000f000 103:06 3762768                   /usr/lib/libXi.so.6.1.0
7f2a2dc75000-7f2a2dc76000 r--p 0000f000 103:06 3762768                   /usr/lib/libXi.so.6.1.0
7f2a2dc76000-7f2a2dc77000 rw-p 00010000 103:06 3762768                   /usr/lib/libXi.so.6.1.0
7f2a2dc77000-7f2a2dc7c000 r-xp 00000000 103:06 3691928                   /usr/lib/libXtst.so.6.1.0
7f2a2dc7c000-7f2a2de7b000 ---p 00005000 103:06 3691928                   /usr/lib/libXtst.so.6.1.0
7f2a2de7b000-7f2a2de7c000 r--p 00004000 103:06 3691928                   /usr/lib/libXtst.so.6.1.0
7f2a2de7c000-7f2a2de7d000 rw-p 00005000 103:06 3691928                   /usr/lib/libXtst.so.6.1.0
7f2a2de7d000-7f2a2de86000 r-xp 00000000 103:06 3691774                   /usr/lib/libXrender.so.1.3.0
7f2a2de86000-7f2a2e085000 ---p 00009000 103:06 3691774                   /usr/lib/libXrender.so.1.3.0
7f2a2e085000-7f2a2e086000 r--p 00008000 103:06 3691774                   /usr/lib/libXrender.so.1.3.0
7f2a2e086000-7f2a2e087000 rw-p 00009000 103:06 3691774                   /usr/lib/libXrender.so.1.3.0
7f2a2e087000-7f2a2e1c2000 r-xp 00000000 103:06 3690984                   /usr/lib/libX11.so.6.3.0
7f2a2e1c2000-7f2a2e3c1000 ---p 0013b000 103:06 3690984                   /usr/lib/libX11.so.6.3.0
7f2a2e3c1000-7f2a2e3c3000 r--p 0013a000 103:06 3690984                   /usr/lib/libX11.so.6.3.0
7f2a2e3c3000-7f2a2e3c8000 rw-p 0013c000 103:06 3690984                   /usr/lib/libX11.so.6.3.0
7f2a2e3c8000-7f2a2e3c9000 rw-p 00000000 00:00 0 
7f2a2e3c9000-7f2a2e3da000 r-xp 00000000 103:06 3691376                   /usr/lib/libXext.so.6.4.0
7f2a2e3da000-7f2a2e5d9000 ---p 00011000 103:06 3691376                   /usr/lib/libXext.so.6.4.0
7f2a2e5d9000-7f2a2e5da000 r--p 00010000 103:06 3691376                   /usr/lib/libXext.so.6.4.0
7f2a2e5da000-7f2a2e5db000 rw-p 00011000 103:06 3691376                   /usr/lib/libXext.so.6.4.0
7f2a2e5db000-7f2a2e622000 r-xp 00000000 103:06 538274                    /usr/lib/jvm/java-7-openjdk/jre/lib/amd64/xawt/libmawt.so
7f2a2e622000-7f2a2e822000 ---p 00047000 103:06 538274                    /usr/lib/jvm/java-7-openjdk/jre/lib/amd64/xawt/libmawt.so
7f2a2e822000-7f2a2e825000 rw-p 00047000 103:06 538274                    /usr/lib/jvm/java-7-openjdk/jre/lib/amd64/xawt/libmawt.so
7f2a2e825000-7f2a2e826000 rw-p 00000000 00:00 0 
7f2a2e826000-7f2a2e8c6000 r-xp 00000000 103:06 4469561                   /usr/lib/jvm/java-7-openjdk/jre/lib/amd64/libawt.so
7f2a2e8c6000-7f2a2eac6000 ---p 000a0000 103:06 4469561                   /usr/lib/jvm/java-7-openjdk/jre/lib/amd64/libawt.so
7f2a2eac6000-7f2a2ead2000 rw-p 000a0000 103:06 4469561                   /usr/lib/jvm/java-7-openjdk/jre/lib/amd64/libawt.so
7f2a2ead2000-7f2a2eaf6000 rw-p 00000000 00:00 0 
7f2a2eaf6000-7f2a2eaf7000 ---p 00000000 00:00 0 
7f2a2eaf7000-7f2a2ebf7000 rw-p 00000000 00:00 0                          [stack:9600]
7f2a2ebf7000-7f2a2ebfa000 ---p 00000000 00:00 0 
7f2a2ebfa000-7f2a2ecf8000 rw-p 00000000 00:00 0                          [stack:9599]
7f2a2ecf8000-7f2a2ecfb000 ---p 00000000 00:00 0 
7f2a2ecfb000-7f2a2edf9000 rw-p 00000000 00:00 0                          [stack:9598]
7f2a2edf9000-7f2a2edfc000 ---p 00000000 00:00 0 
7f2a2edfc000-7f2a2eefa000 rw-p 00000000 00:00 0                          [stack:9597]
7f2a2eefa000-7f2a2eefd000 ---p 00000000 00:00 0 
7f2a2eefd000-7f2a2effb000 rw-p 00000000 00:00 0                          [stack:9596]
7f2a2effb000-7f2a2f2f3000 r--p 00000000 103:06 3733089                   /usr/lib/locale/locale-archive
7f2a2f2f3000-7f2a2f2f6000 ---p 00000000 00:00 0 
7f2a2f2f6000-7f2a2f3f4000 rw-p 00000000 00:00 0                          [stack:9595]
7f2a2f3f4000-7f2a2f3f7000 ---p 00000000 00:00 0 
7f2a2f3f7000-7f2a2f4f5000 rw-p 00000000 00:00 0                          [stack:9594]
7f2a2f4f5000-7f2a2f4f6000 ---p 00000000 00:00 0 
7f2a2f4f6000-7f2a30000000 rw-p 00000000 00:00 0                          [stack:9592]
7f2a30000000-7f2a30021000 rw-p 00000000 00:00 0 
7f2a30021000-7f2a34000000 ---p 00000000 00:00 0 
7f2a34000000-7f2a34021000 rw-p 00000000 00:00 0 
7f2a34021000-7f2a38000000 ---p 00000000 00:00 0 
7f2a38000000-7f2a38021000 rw-p 00000000 00:00 0 
7f2a38021000-7f2a3c000000 ---p 00000000 00:00 0 
7f2a3c020000-7f2a3c077000 rw-s 00000000 00:04 184746036                  /SYSV00000000 (deleted)
7f2a3c077000-7f2a3c0f1000 r--s 005c2000 103:06 2469679                   /home/andi/Downloads/masterpassword-gui.jar
7f2a3c0f1000-7f2a3d000000 rw-p 00000000 00:00 0 
7f2a3d000000-7f2a3d270000 rwxp 00000000 00:00 0 
7f2a3d270000-7f2a4054d000 rw-p 00000000 00:00 0 
7f2a4054d000-7f2a44000000 ---p 00000000 00:00 0 
7f2a44018000-7f2a4401d000 r--s 0004c000 103:06 4342570                   /usr/lib/jvm/java-7-openjdk/jre/lib/jsse.jar
7f2a4401d000-7f2a44021000 r--s 00085000 103:06 144483                    /usr/lib/jvm/java-7-openjdk/jre/lib/ext/localedata.jar
7f2a44021000-7f2a44047000 r--p 00000000 103:06 3673266                   /usr/share/locale/de/LC_MESSAGES/libc.mo
7f2a44047000-7f2a44292000 rw-p 00000000 00:00 0 
7f2a44292000-7f2a44443000 r--s 01d21000 103:06 4342125                   /usr/lib/jvm/java-7-openjdk/jre/lib/rt.jar
7f2a44443000-7f2a448e5000 rw-p 00000000 00:00 0 
7f2a448e5000-7f2a448e6000 ---p 00000000 00:00 0 
7f2a448e6000-7f2a449e6000 rw-p 00000000 00:00 0                          [stack:9591]
7f2a449e6000-7f2a449e7000 ---p 00000000 00:00 0 
7f2a449e7000-7f2a44ae7000 rw-p 00000000 00:00 0                          [stack:9589]
7f2a44ae7000-7f2a44ae8000 ---p 00000000 00:00 0 
7f2a44ae8000-7f2a44be8000 rw-p 00000000 00:00 0                          [stack:9587]
7f2a44be8000-7f2a44be9000 ---p 00000000 00:00 0 
7f2a44be9000-7f2a44ce9000 rw-p 00000000 00:00 0                          [stack:9586]
7f2a44ce9000-7f2a44cea000 ---p 00000000 00:00 0 
7f2a44cea000-7f2a44dea000 rw-p 00000000 00:00 0                          [stack:9585]
7f2a44dea000-7f2a44deb000 ---p 00000000 00:00 0 
7f2a44deb000-7f2a44eeb000 rw-p 00000000 00:00 0                          [stack:9584]
7f2a44eeb000-7f2a44eec000 ---p 00000000 00:00 0 
7f2a44eec000-7f2a44fec000 rw-p 00000000 00:00 0                          [stack:9583]
7f2a44fec000-7f2a44fed000 ---p 00000000 00:00 0 
7f2a44fed000-7f2a45116000 rw-p 00000000 00:00 0                          [stack:9569]
7f2a45116000-7f2a4537e000 rw-p 00000000 00:00 0 
7f2a4537e000-7f2a45389000 rw-p 00000000 00:00 0 
7f2a45389000-7f2a453d1000 rw-p 00000000 00:00 0 
7f2a453d1000-7f2a453fa000 rw-p 00000000 00:00 0 
7f2a453fa000-7f2a45661000 rw-p 00000000 00:00 0 
7f2a45661000-7f2a45676000 rw-p 00000000 00:00 0 
7f2a45676000-7f2a457aa000 rw-p 00000000 00:00 0 
7f2a457aa000-7f2a457b5000 rw-p 00000000 00:00 0 
7f2a457b5000-7f2a4586b000 rw-p 00000000 00:00 0 
7f2a4586b000-7f2a45873000 r-xp 00000000 103:06 4468792                   /usr/lib/jvm/java-7-openjdk/jre/lib/amd64/libzip.so
7f2a45873000-7f2a45a72000 ---p 00008000 103:06 4468792                   /usr/lib/jvm/java-7-openjdk/jre/lib/amd64/libzip.so
7f2a45a72000-7f2a45a73000 rw-p 00007000 103:06 4468792                   /usr/lib/jvm/java-7-openjdk/jre/lib/amd64/libzip.so
7f2a45a73000-7f2a45a7e000 r-xp 00000000 103:06 3673411                   /usr/lib/libnss_files-2.19.so
7f2a45a7e000-7f2a45c7d000 ---p 0000b000 103:06 3673411                   /usr/lib/libnss_files-2.19.so
7f2a45c7d000-7f2a45c7e000 r--p 0000a000 103:06 3673411                   /usr/lib/libnss_files-2.19.so
7f2a45c7e000-7f2a45c7f000 rw-p 0000b000 103:06 3673411                   /usr/lib/libnss_files-2.19.so
7f2a45c7f000-7f2a45cab000 r-xp 00000000 103:06 4468791                   /usr/lib/jvm/java-7-openjdk/jre/lib/amd64/libjava.so
7f2a45cab000-7f2a45eaa000 ---p 0002c000 103:06 4468791                   /usr/lib/jvm/java-7-openjdk/jre/lib/amd64/libjava.so
7f2a45eaa000-7f2a45eac000 rw-p 0002b000 103:06 4468791                   /usr/lib/jvm/java-7-openjdk/jre/lib/amd64/libjava.so
7f2a45eac000-7f2a45eb9000 r-xp 00000000 103:06 4468782                   /usr/lib/jvm/java-7-openjdk/jre/lib/amd64/libverify.so
7f2a45eb9000-7f2a460b8000 ---p 0000d000 103:06 4468782                   /usr/lib/jvm/java-7-openjdk/jre/lib/amd64/libverify.so
7f2a460b8000-7f2a460ba000 rw-p 0000c000 103:06 4468782                   /usr/lib/jvm/java-7-openjdk/jre/lib/amd64/libverify.so
7f2a460ba000-7f2a460c1000 r-xp 00000000 103:06 3673412                   /usr/lib/librt-2.19.so
7f2a460c1000-7f2a462c0000 ---p 00007000 103:06 3673412                   /usr/lib/librt-2.19.so
7f2a462c0000-7f2a462c1000 r--p 00006000 103:06 3673412                   /usr/lib/librt-2.19.so
7f2a462c1000-7f2a462c2000 rw-p 00007000 103:06 3673412                   /usr/lib/librt-2.19.so
7f2a462c2000-7f2a462d8000 r-xp 00000000 103:06 3676306                   /usr/lib/libgcc_s.so.1
7f2a462d8000-7f2a464d7000 ---p 00016000 103:06 3676306                   /usr/lib/libgcc_s.so.1
7f2a464d7000-7f2a464d8000 rw-p 00015000 103:06 3676306                   /usr/lib/libgcc_s.so.1
7f2a464d8000-7f2a465db000 r-xp 00000000 103:06 3673333                   /usr/lib/libm-2.19.so
7f2a465db000-7f2a467da000 ---p 00103000 103:06 3673333                   /usr/lib/libm-2.19.so
7f2a467da000-7f2a467db000 r--p 00102000 103:06 3673333                   /usr/lib/libm-2.19.so
7f2a467db000-7f2a467dc000 rw-p 00103000 103:06 3673333                   /usr/lib/libm-2.19.so
7f2a467dc000-7f2a468cc000 r-xp 00000000 103:06 3762208                   /usr/lib/libstdc++.so.6.0.20
7f2a468cc000-7f2a46acc000 ---p 000f0000 103:06 3762208                   /usr/lib/libstdc++.so.6.0.20
7f2a46acc000-7f2a46ad4000 r--p 000f0000 103:06 3762208                   /usr/lib/libstdc++.so.6.0.20
7f2a46ad4000-7f2a46ad6000 rw-p 000f8000 103:06 3762208                   /usr/lib/libstdc++.so.6.0.20
7f2a46ad6000-7f2a46aeb000 rw-p 00000000 00:00 0 
7f2a46aeb000-7f2a47633000 r-xp 00000000 103:06 4471608                   /usr/lib/jvm/java-7-openjdk/jre/lib/amd64/server/libjvm.so
7f2a47633000-7f2a47832000 ---p 00b48000 103:06 4471608                   /usr/lib/jvm/java-7-openjdk/jre/lib/amd64/server/libjvm.so
7f2a47832000-7f2a478f4000 rw-p 00b47000 103:06 4471608                   /usr/lib/jvm/java-7-openjdk/jre/lib/amd64/server/libjvm.so
7f2a478f4000-7f2a47920000 rw-p 00000000 00:00 0 
7f2a47920000-7f2a47935000 r-xp 00000000 103:06 3676351                   /usr/lib/libz.so.1.2.8
7f2a47935000-7f2a47b34000 ---p 00015000 103:06 3676351                   /usr/lib/libz.so.1.2.8
7f2a47b34000-7f2a47b35000 r--p 00014000 103:06 3676351                   /usr/lib/libz.so.1.2.8
7f2a47b35000-7f2a47b36000 rw-p 00015000 103:06 3676351                   /usr/lib/libz.so.1.2.8
7f2a47b36000-7f2a47cda000 r-xp 00000000 103:06 3673419                   /usr/lib/libc-2.19.so
7f2a47cda000-7f2a47eda000 ---p 001a4000 103:06 3673419                   /usr/lib/libc-2.19.so
7f2a47eda000-7f2a47ede000 r--p 001a4000 103:06 3673419                   /usr/lib/libc-2.19.so
7f2a47ede000-7f2a47ee0000 rw-p 001a8000 103:06 3673419                   /usr/lib/libc-2.19.so
7f2a47ee0000-7f2a47ee4000 rw-p 00000000 00:00 0 
7f2a47ee4000-7f2a47ee7000 r-xp 00000000 103:06 3673359                   /usr/lib/libdl-2.19.so
7f2a47ee7000-7f2a480e6000 ---p 00003000 103:06 3673359                   /usr/lib/libdl-2.19.so
7f2a480e6000-7f2a480e7000 r--p 00002000 103:06 3673359                   /usr/lib/libdl-2.19.so
7f2a480e7000-7f2a480e8000 rw-p 00003000 103:06 3673359                   /usr/lib/libdl-2.19.so
7f2a480e8000-7f2a480f5000 r-xp 00000000 103:06 145526                    /usr/lib/jvm/java-7-openjdk/jre/lib/amd64/jli/libjli.so
7f2a480f5000-7f2a482f4000 ---p 0000d000 103:06 145526                    /usr/lib/jvm/java-7-openjdk/jre/lib/amd64/jli/libjli.so
7f2a482f4000-7f2a482f5000 rw-p 0000c000 103:06 145526                    /usr/lib/jvm/java-7-openjdk/jre/lib/amd64/jli/libjli.so
7f2a482f5000-7f2a4830d000 r-xp 00000000 103:06 3673437                   /usr/lib/libpthread-2.19.so
7f2a4830d000-7f2a4850d000 ---p 00018000 103:06 3673437                   /usr/lib/libpthread-2.19.so
7f2a4850d000-7f2a4850e000 r--p 00018000 103:06 3673437                   /usr/lib/libpthread-2.19.so
7f2a4850e000-7f2a4850f000 rw-p 00019000 103:06 3673437                   /usr/lib/libpthread-2.19.so
7f2a4850f000-7f2a48513000 rw-p 00000000 00:00 0 
7f2a48513000-7f2a48534000 r-xp 00000000 103:06 3673393                   /usr/lib/ld-2.19.so
7f2a48536000-7f2a48542000 rw-s 00000000 00:04 184778805                  /SYSV00000000 (deleted)
7f2a48542000-7f2a485a8000 rw-p 00000000 00:00 0 
7f2a485a8000-7f2a485f0000 rw-p 00000000 00:00 0 
7f2a485f0000-7f2a485f3000 ---p 00000000 00:00 0 
7f2a485f3000-7f2a486f5000 rw-p 00000000 00:00 0                          [stack:9568]
7f2a486f5000-7f2a486fe000 r--s 000b9000 103:06 4342126                   /usr/lib/jvm/java-7-openjdk/jre/lib/resources.jar
7f2a486fe000-7f2a48728000 rw-p 00000000 00:00 0 
7f2a48728000-7f2a48730000 rw-s 00000000 00:20 979280                     /tmp/hsperfdata_andi/9567
7f2a48730000-7f2a48731000 rw-p 00000000 00:00 0 
7f2a48731000-7f2a48732000 r--p 00000000 00:00 0 
7f2a48732000-7f2a48733000 rw-p 00000000 00:00 0 
7f2a48733000-7f2a48734000 r--p 00020000 103:06 3673393                   /usr/lib/ld-2.19.so
7f2a48734000-7f2a48735000 rw-p 00021000 103:06 3673393                   /usr/lib/ld-2.19.so
7f2a48735000-7f2a48736000 rw-p 00000000 00:00 0 
7fff7504f000-7fff75070000 rw-p 00000000 00:00 0                          [stack]
7fff751e4000-7fff751e6000 r-xp 00000000 00:00 0                          [vdso]
ffffffffff600000-ffffffffff601000 r-xp 00000000 00:00 0                  [vsyscall]

VM Arguments:
java_command: /home/andi/Downloads/masterpassword-gui.jar
Launcher Type: SUN_STANDARD

Environment Variables:
JAVA_HOME=/usr/lib/jvm/java-7-openjdk
PATH=/usr/local/sbin:/usr/local/bin:/usr/bin:/opt/kde/bin:/usr/lib/mailman/bin:/usr/bin/vendor_perl:/usr/bin/core_perl
USERNAME=andi
SHELL=/bin/zsh
DISPLAY=:0

Signal Handlers:
SIGSEGV: [libjvm.so+0x97c3b0], sa_mask[0]=0x7ffbfeff, sa_flags=0x10000004
SIGBUS: [libjvm.so+0x97c3b0], sa_mask[0]=0x7ffbfeff, sa_flags=0x10000004
SIGFPE: [libjvm.so+0x7eab30], sa_mask[0]=0x7ffbfeff, sa_flags=0x10000004
SIGPIPE: [libjvm.so+0x7eab30], sa_mask[0]=0x7ffbfeff, sa_flags=0x10000004
SIGXFSZ: [libjvm.so+0x7eab30], sa_mask[0]=0x7ffbfeff, sa_flags=0x10000004
SIGILL: [libjvm.so+0x7eab30], sa_mask[0]=0x7ffbfeff, sa_flags=0x10000004
SIGUSR1: SIG_DFL, sa_mask[0]=0x00000000, sa_flags=0x00000000
SIGUSR2: [libjvm.so+0x7ea9b0], sa_mask[0]=0x00000000, sa_flags=0x10000004
SIGHUP: [libjvm.so+0x7eabb0], sa_mask[0]=0x7ffbfeff, sa_flags=0x10000004
SIGINT: [libjvm.so+0x7eabb0], sa_mask[0]=0x7ffbfeff, sa_flags=0x10000004
SIGTERM: [libjvm.so+0x7eabb0], sa_mask[0]=0x7ffbfeff, sa_flags=0x10000004
SIGQUIT: [libjvm.so+0x7eabb0], sa_mask[0]=0x7ffbfeff, sa_flags=0x10000004
SIGTRAP: SIG_DFL, sa_mask[0]=0x00000000, sa_flags=0x00000000


---------------  S Y S T E M  ---------------

OS:Linux
uname:Linux 3.15.8-1-ARCH #1 SMP PREEMPT Fri Aug 1 08:51:42 CEST 2014 x86_64
libc:glibc 2.19 NPTL 2.19 
rlimit: STACK 8192k, CORE infinity, NPROC 30736, NOFILE 4096, AS infinity
load average:0,47 0,71 0,69

/proc/meminfo:
MemTotal:        8063448 kB
MemFree:          332356 kB
MemAvailable:     781200 kB
Buffers:           27236 kB
Cached:          1532124 kB
SwapCached:        50500 kB
Active:          5811344 kB
Inactive:        1472832 kB
Active(anon):    5537512 kB
Inactive(anon):  1200920 kB
Active(file):     273832 kB
Inactive(file):   271912 kB
Unevictable:       15840 kB
Mlocked:           15840 kB
SwapTotal:       2097148 kB
SwapFree:         463484 kB
Dirty:                 0 kB
Writeback:             0 kB
AnonPages:       5726784 kB
Mapped:           445604 kB
Shmem:           1007352 kB
Slab:             201540 kB
SReclaimable:     144068 kB
SUnreclaim:        57472 kB
KernelStack:       14928 kB
PageTables:        77844 kB
NFS_Unstable:          0 kB
Bounce:                0 kB
WritebackTmp:          0 kB
CommitLimit:     6128872 kB
Committed_AS:   15425236 kB
VmallocTotal:   34359738367 kB
VmallocUsed:      426712 kB
VmallocChunk:   34359178944 kB
HardwareCorrupted:     0 kB
AnonHugePages:    645120 kB
HugePages_Total:       0
HugePages_Free:        0
HugePages_Rsvd:        0
HugePages_Surp:        0
Hugepagesize:       2048 kB
DirectMap4k:       87976 kB
DirectMap2M:     8183808 kB


CPU:total 8 (4 cores per cpu, 2 threads per core) family 6 model 58 stepping 9, cmov, cx8, fxsr, mmx, sse, sse2, sse3, ssse3, sse4.1, sse4.2, popcnt, avx, aes, erms, ht, tsc, tscinvbit, tscinv

/proc/cpuinfo:
processor	: 0
vendor_id	: GenuineIntel
cpu family	: 6
model		: 58
model name	: Intel(R) Core(TM) i7-3632QM CPU @ 2.20GHz
stepping	: 9
microcode	: 0x15
cpu MHz		: 1971.148
cache size	: 6144 KB
physical id	: 0
siblings	: 8
core id		: 0
cpu cores	: 4
apicid		: 0
initial apicid	: 0
fpu		: yes
fpu_exception	: yes
cpuid level	: 13
wp		: yes
flags		: fpu vme de pse tsc msr pae mce cx8 apic sep mtrr pge mca cmov pat pse36 clflush dts acpi mmx fxsr sse sse2 ss ht tm pbe syscall nx rdtscp lm constant_tsc arch_perfmon pebs bts rep_good nopl xtopology nonstop_tsc aperfmperf eagerfpu pni pclmulqdq dtes64 monitor ds_cpl vmx est tm2 ssse3 cx16 xtpr pdcm pcid sse4_1 sse4_2 x2apic popcnt tsc_deadline_timer aes xsave avx f16c rdrand lahf_lm ida arat epb xsaveopt pln pts dtherm tpr_shadow vnmi flexpriority ept vpid fsgsbase smep erms
bogomips	: 4391.87
clflush size	: 64
cache_alignment	: 64
address sizes	: 36 bits physical, 48 bits virtual
power management:

processor	: 1
vendor_id	: GenuineIntel
cpu family	: 6
model		: 58
model name	: Intel(R) Core(TM) i7-3632QM CPU @ 2.20GHz
stepping	: 9
microcode	: 0x15
cpu MHz		: 3065.648
cache size	: 6144 KB
physical id	: 0
siblings	: 8
core id		: 1
cpu cores	: 4
apicid		: 2
initial apicid	: 2
fpu		: yes
fpu_exception	: yes
cpuid level	: 13
wp		: yes
flags		: fpu vme de pse tsc msr pae mce cx8 apic sep mtrr pge mca cmov pat pse36 clflush dts acpi mmx fxsr sse sse2 ss ht tm pbe syscall nx rdtscp lm constant_tsc arch_perfmon pebs bts rep_good nopl xtopology nonstop_tsc aperfmperf eagerfpu pni pclmulqdq dtes64 monitor ds_cpl vmx est tm2 ssse3 cx16 xtpr pdcm pcid sse4_1 sse4_2 x2apic popcnt tsc_deadline_timer aes xsave avx f16c rdrand lahf_lm ida arat epb xsaveopt pln pts dtherm tpr_shadow vnmi flexpriority ept vpid fsgsbase smep erms
bogomips	: 4391.87
clflush size	: 64
cache_alignment	: 64
address sizes	: 36 bits physical, 48 bits virtual
power management:

processor	: 2
vendor_id	: GenuineIntel
cpu family	: 6
model		: 58
model name	: Intel(R) Core(TM) i7-3632QM CPU @ 2.20GHz
stepping	: 9
microcode	: 0x15
cpu MHz		: 2985.296
cache size	: 6144 KB
physical id	: 0
siblings	: 8
core id		: 2
cpu cores	: 4
apicid		: 4
initial apicid	: 4
fpu		: yes
fpu_exception	: yes
cpuid level	: 13
wp		: yes
flags		: fpu vme de pse tsc msr pae mce cx8 apic sep mtrr pge mca cmov pat pse36 clflush dts acpi mmx fxsr sse sse2 ss ht tm pbe syscall nx rdtscp lm constant_tsc arch_perfmon pebs bts rep_good nopl xtopology nonstop_tsc aperfmperf eagerfpu pni pclmulqdq dtes64 monitor ds_cpl vmx est tm2 ssse3 cx16 xtpr pdcm pcid sse4_1 sse4_2 x2apic popcnt tsc_deadline_timer aes xsave avx f16c rdrand lahf_lm ida arat epb xsaveopt pln pts dtherm tpr_shadow vnmi flexpriority ept vpid fsgsbase smep erms
bogomips	: 4391.87
clflush size	: 64
cache_alignment	: 64
address sizes	: 36 bits physical, 48 bits virtual
power management:

processor	: 3
vendor_id	: GenuineIntel
cpu family	: 6
model		: 58
model name	: Intel(R) Core(TM) i7-3632QM CPU @ 2.20GHz
stepping	: 9
microcode	: 0x15
cpu MHz		: 2993.718
cache size	: 6144 KB
physical id	: 0
siblings	: 8
core id		: 3
cpu cores	: 4
apicid		: 6
initial apicid	: 6
fpu		: yes
fpu_exception	: yes
cpuid level	: 13
wp		: yes
flags		: fpu vme de pse tsc msr pae mce cx8 apic sep mtrr pge mca cmov pat pse36 clflush dts acpi mmx fxsr sse sse2 ss ht tm pbe syscall nx rdtscp lm constant_tsc arch_perfmon pebs bts rep_good nopl xtopology nonstop_tsc aperfmperf eagerfpu pni pclmulqdq dtes64 monitor ds_cpl vmx est tm2 ssse3 cx16 xtpr pdcm pcid sse4_1 sse4_2 x2apic popcnt tsc_deadline_timer aes xsave avx f16c rdrand lahf_lm ida arat epb xsaveopt pln pts dtherm tpr_shadow vnmi flexpriority ept vpid fsgsbase smep erms
bogomips	: 4391.87
clflush size	: 64
cache_alignment	: 64
address sizes	: 36 bits physical, 48 bits virtual
power management:

processor	: 4
vendor_id	: GenuineIntel
cpu family	: 6
model		: 58
model name	: Intel(R) Core(TM) i7-3632QM CPU @ 2.20GHz
stepping	: 9
microcode	: 0x15
cpu MHz		: 1468.070
cache size	: 6144 KB
physical id	: 0
siblings	: 8
core id		: 0
cpu cores	: 4
apicid		: 1
initial apicid	: 1
fpu		: yes
fpu_exception	: yes
cpuid level	: 13
wp		: yes
flags		: fpu vme de pse tsc msr pae mce cx8 apic sep mtrr pge mca cmov pat pse36 clflush dts acpi mmx fxsr sse sse2 ss ht tm pbe syscall nx rdtscp lm constant_tsc arch_perfmon pebs bts rep_good nopl xtopology nonstop_tsc aperfmperf eagerfpu pni pclmulqdq dtes64 monitor ds_cpl vmx est tm2 ssse3 cx16 xtpr pdcm pcid sse4_1 sse4_2 x2apic popcnt tsc_deadline_timer aes xsave avx f16c rdrand lahf_lm ida arat epb xsaveopt pln pts dtherm tpr_shadow vnmi flexpriority ept vpid fsgsbase smep erms
bogomips	: 4391.87
clflush size	: 64
cache_alignment	: 64
address sizes	: 36 bits physical, 48 bits virtual
power management:

processor	: 5
vendor_id	: GenuineIntel
cpu family	: 6
model		: 58
model name	: Intel(R) Core(TM) i7-3632QM CPU @ 2.20GHz
stepping	: 9
microcode	: 0x15
cpu MHz		: 1763.007
cache size	: 6144 KB
physical id	: 0
siblings	: 8
core id		: 1
cpu cores	: 4
apicid		: 3
initial apicid	: 3
fpu		: yes
fpu_exception	: yes
cpuid level	: 13
wp		: yes
flags		: fpu vme de pse tsc msr pae mce cx8 apic sep mtrr pge mca cmov pat pse36 clflush dts acpi mmx fxsr sse sse2 ss ht tm pbe syscall nx rdtscp lm constant_tsc arch_perfmon pebs bts rep_good nopl xtopology nonstop_tsc aperfmperf eagerfpu pni pclmulqdq dtes64 monitor ds_cpl vmx est tm2 ssse3 cx16 xtpr pdcm pcid sse4_1 sse4_2 x2apic popcnt tsc_deadline_timer aes xsave avx f16c rdrand lahf_lm ida arat epb xsaveopt pln pts dtherm tpr_shadow vnmi flexpriority ept vpid fsgsbase smep erms
bogomips	: 4391.87
clflush size	: 64
cache_alignment	: 64
address sizes	: 36 bits physical, 48 bits virtual
power management:

processor	: 6
vendor_id	: GenuineIntel
cpu family	: 6
model		: 58
model name	: Intel(R) Core(TM) i7-3632QM CPU @ 2.20GHz
stepping	: 9
microcode	: 0x15
cpu MHz		: 1916.234
cache size	: 6144 KB
physical id	: 0
siblings	: 8
core id		: 2
cpu cores	: 4
apicid		: 5
initial apicid	: 5
fpu		: yes
fpu_exception	: yes
cpuid level	: 13
wp		: yes
flags		: fpu vme de pse tsc msr pae mce cx8 apic sep mtrr pge mca cmov pat pse36 clflush dts acpi mmx fxsr sse sse2 ss ht tm pbe syscall nx rdtscp lm constant_tsc arch_perfmon pebs bts rep_good nopl xtopology nonstop_tsc aperfmperf eagerfpu pni pclmulqdq dtes64 monitor ds_cpl vmx est tm2 ssse3 cx16 xtpr pdcm pcid sse4_1 sse4_2 x2apic popcnt tsc_deadline_timer aes xsave avx f16c rdrand lahf_lm ida arat epb xsaveopt pln pts dtherm tpr_shadow vnmi flexpriority ept vpid fsgsbase smep erms
bogomips	: 4391.87
clflush size	: 64
cache_alignment	: 64
address sizes	: 36 bits physical, 48 bits virtual
power management:

processor	: 7
vendor_id	: GenuineIntel
cpu family	: 6
model		: 58
model name	: Intel(R) Core(TM) i7-3632QM CPU @ 2.20GHz
stepping	: 9
microcode	: 0x15
cpu MHz		: 3082.492
cache size	: 6144 KB
physical id	: 0
siblings	: 8
core id		: 3
cpu cores	: 4
apicid		: 7
initial apicid	: 7
fpu		: yes
fpu_exception	: yes
cpuid level	: 13
wp		: yes
flags		: fpu vme de pse tsc msr pae mce cx8 apic sep mtrr pge mca cmov pat pse36 clflush dts acpi mmx fxsr sse sse2 ss ht tm pbe syscall nx rdtscp lm constant_tsc arch_perfmon pebs bts rep_good nopl xtopology nonstop_tsc aperfmperf eagerfpu pni pclmulqdq dtes64 monitor ds_cpl vmx est tm2 ssse3 cx16 xtpr pdcm pcid sse4_1 sse4_2 x2apic popcnt tsc_deadline_timer aes xsave avx f16c rdrand lahf_lm ida arat epb xsaveopt pln pts dtherm tpr_shadow vnmi flexpriority ept vpid fsgsbase smep erms
bogomips	: 4391.87
clflush size	: 64
cache_alignment	: 64
address sizes	: 36 bits physical, 48 bits virtual
power management:



Memory: 4k page, physical 8063448k(332356k free), swap 2097148k(463484k free)

vm_info: OpenJDK 64-Bit Server VM (24.65-b04) for linux-amd64 JRE (1.7.0_65-b32), built on Jul 16 2014 12:18:44 by "nobody" with gcc 4.9.0 20140604 (prerelease)

time: Thu Aug 14 09:54:09 2014
elapsed time: 11 seconds

