#
# A fatal error has been detected by the Java Runtime Environment:
#
#  SIGSEGV (0xb) at pc=0x00007fbc437e81f7, pid=21180, tid=140446508250880
#
# JRE version: OpenJDK Runtime Environment (7.0_65-b32) (build 1.7.0_65-b32)
# Java VM: OpenJDK 64-Bit Server VM (24.65-b04 mixed mode linux-amd64 compressed oops)
# Problematic frame:
# C  [libcrypto.so.1.0.0+0x6c1f7]  SHA256_Update+0x157
#
# Core dump written. Default location: /home/andi/NetBeansProjects/LinkSink/core or core.21180
#
# If you would like to submit a bug report, please include
# instructions on how to reproduce the bug and visit:
#   http://icedtea.classpath.org/bugzilla
# The crash happened outside the Java Virtual Machine in native code.
# See problematic frame for where to report the bug.
#

---------------  T H R E A D  ---------------

Current thread (0x00007fbbfc046800):  JavaThread "pool-1-thread-1" [_thread_in_native, id=21205, stack(0x00007fbc402bf000,0x00007fbc403c0000)]

siginfo:si_signo=SIGSEGV: si_errno=0, si_code=1 (SEGV_MAPERR), si_addr=0x00007fbcb6db8ac5

Registers:
RAX=0x00007fbcb6db8ac5, RBX=0x0000000000000026, RCX=0x00007fbcb6db8ac8, RDX=0x646e796c2e6d6f63
RSP=0x00007fbc403be120, RBP=0x00007fbc403be170, RSI=0x00007fbbf40aa4f0, RDI=0x00007fbc403be170
R8 =0x0000000085550892, R9 =0x0000000042faae36, R10=0x00007fbc403bdf20, R11=0x00007fbc400bd610
R12=0x00007fbc403be198, R13=0x00007fbbf40aa4f0, R14=0xffffffff89605713, R15=0x00007fbc403be5e0
RIP=0x00007fbc437e81f7, EFLAGS=0x0000000000010202, CSGSFS=0x722f000000000033, ERR=0x0000000000000006
  TRAPNO=0x000000000000000e

Top of Stack: (sp=0x00007fbc403be120)
0x00007fbc403be120:   0000000000000017 00007fbbf40aa5f0
0x00007fbc403be130:   0000000000000001 0000000000000026
0x00007fbc403be140:   00007fbbf40aa4f0 00007fbc400bd710
0x00007fbc403be150:   00007fbc403be170 00007fbc403be170
0x00007fbc403be160:   00007fbc403be1d0 00007fbbf40ab880
0x00007fbc403be170:   6f936a0799eb5363 99a17e6805057d37
0x00007fbc403be180:   77a96d0796819e7b d0da71ac945d96fe
0x00007fbc403be190:   0000000000000330 0000000000000000
0x00007fbc403be1a0:   0000000000000000 0000000000000000
0x00007fbc403be1b0:   0000000000000000 0000000000000000
0x00007fbc403be1c0:   0000000000000000 0000000000000000
0x00007fbc403be1d0:   0000000000000000 79e04da1769fa92d
0x00007fbc403be1e0:   b692a1485bfa624f 42faae3685550892
0x00007fbc403be1f0:   74a644d04ad65c75 0000000000000200
0x00007fbc403be200:   0000000000000000 0000000000000000
0x00007fbc403be210:   0000000000000000 0000000000000000
0x00007fbc403be220:   0000000000000000 0000000000000000
0x00007fbc403be230:   0000000000000000 0000000000000000
0x00007fbc403be240:   0000002000000000 00007fbc403be260
0x00007fbc403be250:   0000000054fa9df6 00007fbc400ba535
0x00007fbc403be260:   00000000ffffffff 0000000002000000
0x00007fbc403be270:   00007fbc400ba468 00007fbbf40aab90
0x00007fbc403be280:   0000000002000080 00007fbc6bbf598b
0x00007fbc403be290:   0000000500000000 000000010000007e
0x00007fbc403be2a0:   0000000002000070 00000000020000a0
0x00007fbc403be2b0:   00007fbc00200008 0000000000080002
0x00007fbc403be2c0:   0000000000001000 0000000000010000
0x00007fbc403be2d0:   000000000001005b 00007fbc402be018
0x00007fbc403be2e0:   00007fbc403bf690 0000000000000026
0x00007fbc403be2f0:   00007fbbf40aa4f0 00007fbc403be5e0
0x00007fbc403be300:   0000000000000000 00007fbc6c56543d
0x00007fbc403be310:   0000000000000005 0000000000000000 

Instructions: (pc=0x00007fbc437e81f7)
0x00007fbc437e81d7:   00 8b 47 24 8d 48 01 e9 eb fe ff ff 0f 1f 44 00
0x00007fbc437e81e7:   00 49 8b 55 00 48 8d 48 08 4c 89 ee 48 83 e1 f8
0x00007fbc437e81f7:   48 89 10 4b 8b 54 2e f8 49 89 54 06 f8 48 29 c8
0x00007fbc437e8207:   48 29 c6 4c 01 f0 48 83 e0 f8 48 83 f8 08 0f 82 

Register to memory mapping:

RAX=0x00007fbcb6db8ac5 is an unknown value
RBX=0x0000000000000026 is an unknown value
RCX=0x00007fbcb6db8ac8 is an unknown value
RDX=0x646e796c2e6d6f63 is an unknown value
RSP=0x00007fbc403be120 is pointing into the stack for thread: 0x00007fbbfc046800
RBP=0x00007fbc403be170 is pointing into the stack for thread: 0x00007fbbfc046800
RSI=0x00007fbbf40aa4f0 is an unknown value
RDI=0x00007fbc403be170 is pointing into the stack for thread: 0x00007fbbfc046800
R8 =0x0000000085550892 is an unknown value
R9 =0x0000000042faae36 is an unknown value
R10=0x00007fbc403bdf20 is pointing into the stack for thread: 0x00007fbbfc046800
R11=0x00007fbc400bd610: HMAC_SHA256_Update+0 in /tmp/scrypt8288212760044453032lib at 0x00007fbc400ba000
R12=0x00007fbc403be198 is pointing into the stack for thread: 0x00007fbbfc046800
R13=0x00007fbbf40aa4f0 is an unknown value
R14=0xffffffff89605713 is an unknown value
R15=0x00007fbc403be5e0 is pointing into the stack for thread: 0x00007fbbfc046800


Stack: [0x00007fbc402bf000,0x00007fbc403c0000],  sp=0x00007fbc403be120,  free space=1020k
Native frames: (J=compiled Java code, j=interpreted, Vv=VM code, C=native code)
C  [libcrypto.so.1.0.0+0x6c1f7]  SHA256_Update+0x157

Java frames: (J=compiled Java code, j=interpreted, Vv=VM code)
j  com.lambdaworks.crypto.SCrypt.scryptN([B[BIIII)[B+0
j  com.lambdaworks.crypto.SCrypt.scrypt([B[BIIII)[B+14
j  com.lyndir.lhunath.masterpassword.MasterPassword.keyForPassword(Ljava/lang/String;Ljava/lang/String;)[B+77
j  com.lyndir.lhunath.masterpassword.User.getKey()[B+47
j  com.lyndir.lhunath.masterpassword.GUI.signedIn(Lcom/lyndir/lhunath/masterpassword/User;)Z+10
j  com.lyndir.lhunath.masterpassword.UnlockFrame$5.run()V+14
j  com.lyndir.lhunath.masterpassword.Res$1.run()V+4
j  java.util.concurrent.Executors$RunnableAdapter.call()Ljava/lang/Object;+4
j  java.util.concurrent.FutureTask.run()V+42
j  java.util.concurrent.ThreadPoolExecutor.runWorker(Ljava/util/concurrent/ThreadPoolExecutor$Worker;)V+95
j  java.util.concurrent.ThreadPoolExecutor$Worker.run()V+5
j  java.lang.Thread.run()V+11
v  ~StubRoutines::call_stub

---------------  P R O C E S S  ---------------

Java Threads: ( => current thread )
=>0x00007fbbfc046800 JavaThread "pool-1-thread-1" [_thread_in_native, id=21205, stack(0x00007fbc402bf000,0x00007fbc403c0000)]
  0x00007fbc64008800 JavaThread "DestroyJavaVM" [_thread_blocked, id=21181, stack(0x00007fbc6c634000,0x00007fbc6c735000)]
  0x00007fbc643f5800 JavaThread "Image Fetcher 0" daemon [_thread_blocked, id=21202, stack(0x00007fbc40a3b000,0x00007fbc40b3c000)]
  0x00007fbc643a7000 JavaThread "AWT-EventQueue-0" [_thread_blocked, id=21201, stack(0x00007fbc40b3c000,0x00007fbc40c3d000)]
  0x00007fbc64399800 JavaThread "AWT-Shutdown" [_thread_blocked, id=21200, stack(0x00007fbc40c3d000,0x00007fbc40d3e000)]
  0x00007fbc64375000 JavaThread "AWT-XAWT" daemon [_thread_in_native, id=21199, stack(0x00007fbc40d3e000,0x00007fbc40e3f000)]
  0x00007fbc6434c800 JavaThread "Java2D Disposer" daemon [_thread_blocked, id=21198, stack(0x00007fbc41250000,0x00007fbc41351000)]
  0x00007fbc641fe800 JavaThread "Service Thread" daemon [_thread_blocked, id=21196, stack(0x00007fbc4abf7000,0x00007fbc4acf8000)]
  0x00007fbc641fc000 JavaThread "C2 CompilerThread1" daemon [_thread_blocked, id=21195, stack(0x00007fbc4acf8000,0x00007fbc4adf9000)]
  0x00007fbc641f9000 JavaThread "C2 CompilerThread0" daemon [_thread_blocked, id=21194, stack(0x00007fbc4adf9000,0x00007fbc4aefa000)]
  0x00007fbc641f7000 JavaThread "Signal Dispatcher" daemon [_thread_blocked, id=21193, stack(0x00007fbc4aefa000,0x00007fbc4affb000)]
  0x00007fbc641ca000 JavaThread "Finalizer" daemon [_thread_blocked, id=21192, stack(0x00007fbc4b2f3000,0x00007fbc4b3f4000)]
  0x00007fbc641c8000 JavaThread "Reference Handler" daemon [_thread_blocked, id=21191, stack(0x00007fbc4b3f4000,0x00007fbc4b4f5000)]

Other Threads:
  0x00007fbc641c3800 VMThread [stack: 0x00007fbc4b4f5000,0x00007fbc4b5f6000] [id=21190]
  0x00007fbc64201800 WatcherThread [stack: 0x00007fbc4aaf6000,0x00007fbc4abf7000] [id=21197]

VM state:not at safepoint (normal execution)

VM Mutex/Monitor currently owned by a thread: None

Heap
 PSYoungGen      total 36864K, used 11443K [0x00000007d6f00000, 0x00000007d9800000, 0x0000000800000000)
  eden space 31744K, 36% used [0x00000007d6f00000,0x00000007d7a2cde0,0x00000007d8e00000)
  from space 5120K, 0% used [0x00000007d9300000,0x00000007d9300000,0x00000007d9800000)
  to   space 5120K, 0% used [0x00000007d8e00000,0x00000007d8e00000,0x00000007d9300000)
 ParOldGen       total 83968K, used 0K [0x0000000784e00000, 0x000000078a000000, 0x00000007d6f00000)
  object space 83968K, 0% used [0x0000000784e00000,0x0000000784e00000,0x000000078a000000)
 PSPermGen       total 21504K, used 16076K [0x000000077a800000, 0x000000077bd00000, 0x0000000784e00000)
  object space 21504K, 74% used [0x000000077a800000,0x000000077b7b3358,0x000000077bd00000)

Card table byte_map: [0x00007fbc693c2000,0x00007fbc697ef000] byte_map_base: 0x00007fbc657ee000

Polling page: 0x00007fbc6c775000

Code Cache  [0x00007fbc61000000, 0x00007fbc61270000, 0x00007fbc64000000)
 total_blobs=546 nmethods=57 adapters=442 free_code_cache=48484Kb largest_free_block=49626112

Compilation events (10 events):
Event: 7,453 Thread 0x00007fbc641f9000   53             sun.net.www.ParseUtil::encodePath (336 bytes)
Event: 7,459 Thread 0x00007fbc641fc000   54             java.util.Properties::load0 (250 bytes)
Event: 7,471 Thread 0x00007fbc641f9000 nmethod 53 0x00007fbc610a8ad0 code [0x00007fbc610a8d20, 0x00007fbc610a9f88]
Event: 7,480 Thread 0x00007fbc641f9000   55             java.lang.AbstractStringBuilder::ensureCapacityInternal (16 bytes)
Event: 7,482 Thread 0x00007fbc641f9000 nmethod 55 0x00007fbc610a5710 code [0x00007fbc610a5860, 0x00007fbc610a5af8]
Event: 7,485 Thread 0x00007fbc641fc000 nmethod 54 0x00007fbc610aa9d0 code [0x00007fbc610aaba0, 0x00007fbc610abae0]
Event: 7,489 Thread 0x00007fbc641f9000   56             java.lang.CharacterData::of (120 bytes)
Event: 7,489 Thread 0x00007fbc641fc000   57             java.lang.CharacterDataLatin1::getProperties (11 bytes)
Event: 7,489 Thread 0x00007fbc641fc000 nmethod 57 0x00007fbc610a3fd0 code [0x00007fbc610a4100, 0x00007fbc610a4198]
Event: 7,489 Thread 0x00007fbc641f9000 nmethod 56 0x00007fbc610a3c90 code [0x00007fbc610a3de0, 0x00007fbc610a3eb8]

GC Heap History (0 events):
No events

Deoptimization events (5 events):
Event: 0,402 Thread 0x00007fbc64008800 Uncommon trap: reason=class_check action=maybe_recompile pc=0x00007fbc6108067c method=java.util.Properties$LineReader.readLine()I @ 62
Event: 0,403 Thread 0x00007fbc64008800 Uncommon trap: reason=class_check action=maybe_recompile pc=0x00007fbc6108067c method=java.util.Properties$LineReader.readLine()I @ 62
Event: 6,778 Thread 0x00007fbc643a7000 Uncommon trap: reason=class_check action=maybe_recompile pc=0x00007fbc6107e94c method=java.lang.String.equals(Ljava/lang/Object;)Z @ 8
Event: 6,778 Thread 0x00007fbc643a7000 Uncommon trap: reason=class_check action=maybe_recompile pc=0x00007fbc6107e94c method=java.lang.String.equals(Ljava/lang/Object;)Z @ 8
Event: 6,778 Thread 0x00007fbc643a7000 Uncommon trap: reason=class_check action=maybe_recompile pc=0x00007fbc6107e94c method=java.lang.String.equals(Ljava/lang/Object;)Z @ 8

Internal exceptions (10 events):
Event: 7,484 Thread 0x00007fbbfc046800 Threw 0x00000007d7989080 at /build/java7-openjdk/src/icedtea-2.5.1/openjdk/hotspot/src/share/vm/prims/jvm.cpp:1247
Event: 7,485 Thread 0x00007fbbfc046800 Threw 0x00000007d798dba0 at /build/java7-openjdk/src/icedtea-2.5.1/openjdk/hotspot/src/share/vm/prims/jvm.cpp:1247
Event: 7,486 Thread 0x00007fbbfc046800 Threw 0x00000007d7992960 at /build/java7-openjdk/src/icedtea-2.5.1/openjdk/hotspot/src/share/vm/prims/jvm.cpp:1247
Event: 7,486 Thread 0x00007fbbfc046800 Threw 0x00000007d7994978 at /build/java7-openjdk/src/icedtea-2.5.1/openjdk/hotspot/src/share/vm/prims/jvm.cpp:1247
Event: 7,486 Thread 0x00007fbbfc046800 Threw 0x00000007d7996310 at /build/java7-openjdk/src/icedtea-2.5.1/openjdk/hotspot/src/share/vm/prims/jvm.cpp:1247
Event: 7,486 Thread 0x00007fbbfc046800 Threw 0x00000007d799b558 at /build/java7-openjdk/src/icedtea-2.5.1/openjdk/hotspot/src/share/vm/prims/jvm.cpp:1247
Event: 7,487 Thread 0x00007fbbfc046800 Threw 0x00000007d799e080 at /build/java7-openjdk/src/icedtea-2.5.1/openjdk/hotspot/src/share/vm/prims/jvm.cpp:1247
Event: 7,487 Thread 0x00007fbbfc046800 Threw 0x00000007d799fd40 at /build/java7-openjdk/src/icedtea-2.5.1/openjdk/hotspot/src/share/vm/prims/jvm.cpp:1247
Event: 7,487 Thread 0x00007fbbfc046800 Threw 0x00000007d79a2ed8 at /build/java7-openjdk/src/icedtea-2.5.1/openjdk/hotspot/src/share/vm/prims/jvm.cpp:1247
Event: 7,488 Thread 0x00007fbbfc046800 Threw 0x00000007d79a6da0 at /build/java7-openjdk/src/icedtea-2.5.1/openjdk/hotspot/src/share/vm/prims/jvm.cpp:1247

Events (10 events):
Event: 7,497 loading class 0x00007fbc202202f0 done
Event: 7,497 loading class 0x00007fbc6420d630 done
Event: 7,497 loading class 0x00007fbbf40ab3b0
Event: 7,497 loading class 0x00007fbc20220800
Event: 7,497 loading class 0x00007fbc20220800 done
Event: 7,497 loading class 0x00007fbbf40ab3b0 done
Event: 7,497 loading class 0x00007fbc202202c0
Event: 7,497 loading class 0x00007fbc202202c0 done
Event: 7,497 loading class 0x00007fbc20220880
Event: 7,497 loading class 0x00007fbc20220880 done


Dynamic libraries:
00400000-00401000 r-xp 00000000 103:06 4201325                           /usr/lib/jvm/java-7-openjdk/jre/bin/java
00600000-00601000 rw-p 00000000 103:06 4201325                           /usr/lib/jvm/java-7-openjdk/jre/bin/java
01269000-0128a000 rw-p 00000000 00:00 0                                  [heap]
77a800000-77bd00000 rw-p 00000000 00:00 0 
77bd00000-784e00000 rw-p 00000000 00:00 0 
784e00000-78a000000 rw-p 00000000 00:00 0 
78a000000-7d6f00000 rw-p 00000000 00:00 0 
7d6f00000-7d9800000 rw-p 00000000 00:00 0 
7d9800000-800000000 rw-p 00000000 00:00 0 
7fbbf4000000-7fbbf40bc000 rw-p 00000000 00:00 0 
7fbbf40bc000-7fbbf8000000 ---p 00000000 00:00 0 
7fbbfc000000-7fbbfc057000 rw-p 00000000 00:00 0 
7fbbfc057000-7fbc00000000 ---p 00000000 00:00 0 
7fbc00000000-7fbc0004c000 rw-p 00000000 00:00 0 
7fbc0004c000-7fbc04000000 ---p 00000000 00:00 0 
7fbc04000000-7fbc04021000 rw-p 00000000 00:00 0 
7fbc04021000-7fbc08000000 ---p 00000000 00:00 0 
7fbc08000000-7fbc08021000 rw-p 00000000 00:00 0 
7fbc08021000-7fbc0c000000 ---p 00000000 00:00 0 
7fbc0c000000-7fbc0c021000 rw-p 00000000 00:00 0 
7fbc0c021000-7fbc10000000 ---p 00000000 00:00 0 
7fbc10000000-7fbc10021000 rw-p 00000000 00:00 0 
7fbc10021000-7fbc14000000 ---p 00000000 00:00 0 
7fbc14000000-7fbc145b8000 rw-p 00000000 00:00 0 
7fbc145b8000-7fbc18000000 ---p 00000000 00:00 0 
7fbc18000000-7fbc18021000 rw-p 00000000 00:00 0 
7fbc18021000-7fbc1c000000 ---p 00000000 00:00 0 
7fbc1c000000-7fbc1c021000 rw-p 00000000 00:00 0 
7fbc1c021000-7fbc20000000 ---p 00000000 00:00 0 
7fbc20000000-7fbc20338000 rw-p 00000000 00:00 0 
7fbc20338000-7fbc24000000 ---p 00000000 00:00 0 
7fbc24000000-7fbc24021000 rw-p 00000000 00:00 0 
7fbc24021000-7fbc28000000 ---p 00000000 00:00 0 
7fbc28000000-7fbc28021000 rw-p 00000000 00:00 0 
7fbc28021000-7fbc2c000000 ---p 00000000 00:00 0 
7fbc2c000000-7fbc2c021000 rw-p 00000000 00:00 0 
7fbc2c021000-7fbc30000000 ---p 00000000 00:00 0 
7fbc31d3f000-7fbc38000000 rw-p 00000000 00:00 0 
7fbc38000000-7fbc38021000 rw-p 00000000 00:00 0 
7fbc38021000-7fbc3c000000 ---p 00000000 00:00 0 
7fbc3c000000-7fbc3c021000 rw-p 00000000 00:00 0 
7fbc3c021000-7fbc40000000 ---p 00000000 00:00 0 
7fbc400ba000-7fbc400be000 r-xp 00000000 00:20 1041940                    /tmp/scrypt8288212760044453032lib (deleted)
7fbc400be000-7fbc402bd000 ---p 00004000 00:20 1041940                    /tmp/scrypt8288212760044453032lib (deleted)
7fbc402bd000-7fbc402be000 r--p 00003000 00:20 1041940                    /tmp/scrypt8288212760044453032lib (deleted)
7fbc402be000-7fbc402bf000 rw-p 00004000 00:20 1041940                    /tmp/scrypt8288212760044453032lib (deleted)
7fbc402bf000-7fbc402c2000 ---p 00000000 00:00 0 
7fbc402c2000-7fbc403c0000 rw-p 00000000 00:00 0                          [stack:21205]
7fbc403c0000-7fbc403d0000 r-xp 00000000 103:06 4469294                   /usr/lib/jvm/java-7-openjdk/jre/lib/amd64/libnio.so
7fbc403d0000-7fbc405d0000 ---p 00010000 103:06 4469294                   /usr/lib/jvm/java-7-openjdk/jre/lib/amd64/libnio.so
7fbc405d0000-7fbc405d1000 rw-p 00010000 103:06 4469294                   /usr/lib/jvm/java-7-openjdk/jre/lib/amd64/libnio.so
7fbc405d1000-7fbc405e7000 r-xp 00000000 103:06 4469289                   /usr/lib/jvm/java-7-openjdk/jre/lib/amd64/libnet.so
7fbc405e7000-7fbc407e7000 ---p 00016000 103:06 4469289                   /usr/lib/jvm/java-7-openjdk/jre/lib/amd64/libnet.so
7fbc407e7000-7fbc407e8000 rw-p 00016000 103:06 4469289                   /usr/lib/jvm/java-7-openjdk/jre/lib/amd64/libnet.so
7fbc407e8000-7fbc40838000 r-xp 00000000 103:06 4470231                   /usr/lib/jvm/java-7-openjdk/jre/lib/amd64/libfontmanager.so
7fbc40838000-7fbc40a37000 ---p 00050000 103:06 4470231                   /usr/lib/jvm/java-7-openjdk/jre/lib/amd64/libfontmanager.so
7fbc40a37000-7fbc40a3b000 rw-p 0004f000 103:06 4470231                   /usr/lib/jvm/java-7-openjdk/jre/lib/amd64/libfontmanager.so
7fbc40a3b000-7fbc40a3e000 ---p 00000000 00:00 0 
7fbc40a3e000-7fbc40b3c000 rw-p 00000000 00:00 0                          [stack:21202]
7fbc40b3c000-7fbc40b3f000 ---p 00000000 00:00 0 
7fbc40b3f000-7fbc40c3d000 rw-p 00000000 00:00 0                          [stack:21201]
7fbc40c3d000-7fbc40c40000 ---p 00000000 00:00 0 
7fbc40c40000-7fbc40d3e000 rw-p 00000000 00:00 0                          [stack:21200]
7fbc40d3e000-7fbc40d41000 ---p 00000000 00:00 0 
7fbc40d41000-7fbc40e3f000 rw-p 00000000 00:00 0                          [stack:21199]
7fbc40e3f000-7fbc40e44000 r-xp 00000000 103:06 3691828                   /usr/lib/libXfixes.so.3.1.0
7fbc40e44000-7fbc41043000 ---p 00005000 103:06 3691828                   /usr/lib/libXfixes.so.3.1.0
7fbc41043000-7fbc41044000 r--p 00004000 103:06 3691828                   /usr/lib/libXfixes.so.3.1.0
7fbc41044000-7fbc41045000 rw-p 00005000 103:06 3691828                   /usr/lib/libXfixes.so.3.1.0
7fbc41045000-7fbc4104f000 r-xp 00000000 103:06 3691857                   /usr/lib/libXcursor.so.1.0.2
7fbc4104f000-7fbc4124e000 ---p 0000a000 103:06 3691857                   /usr/lib/libXcursor.so.1.0.2
7fbc4124e000-7fbc4124f000 r--p 00009000 103:06 3691857                   /usr/lib/libXcursor.so.1.0.2
7fbc4124f000-7fbc41250000 rw-p 0000a000 103:06 3691857                   /usr/lib/libXcursor.so.1.0.2
7fbc41250000-7fbc41253000 ---p 00000000 00:00 0 
7fbc41253000-7fbc41351000 rw-p 00000000 00:00 0                          [stack:21198]
7fbc41351000-7fbc4136d000 r-xp 00000000 103:06 3694012                   /usr/lib/libgraphite2.so.3.0.1
7fbc4136d000-7fbc4156c000 ---p 0001c000 103:06 3694012                   /usr/lib/libgraphite2.so.3.0.1
7fbc4156c000-7fbc4156e000 r--p 0001b000 103:06 3694012                   /usr/lib/libgraphite2.so.3.0.1
7fbc4156e000-7fbc4156f000 rw-p 0001d000 103:06 3694012                   /usr/lib/libgraphite2.so.3.0.1
7fbc4156f000-7fbc41572000 r-xp 00000000 103:06 3718139                   /usr/lib/libkeyutils.so.1.5
7fbc41572000-7fbc41771000 ---p 00003000 103:06 3718139                   /usr/lib/libkeyutils.so.1.5
7fbc41771000-7fbc41772000 r--p 00002000 103:06 3718139                   /usr/lib/libkeyutils.so.1.5
7fbc41772000-7fbc41773000 rw-p 00003000 103:06 3718139                   /usr/lib/libkeyutils.so.1.5
7fbc41773000-7fbc4177f000 r-xp 00000000 103:06 3697174                   /usr/lib/libkrb5support.so.0.1
7fbc4177f000-7fbc4197e000 ---p 0000c000 103:06 3697174                   /usr/lib/libkrb5support.so.0.1
7fbc4197e000-7fbc4197f000 r--p 0000b000 103:06 3697174                   /usr/lib/libkrb5support.so.0.1
7fbc4197f000-7fbc41980000 rw-p 0000c000 103:06 3697174                   /usr/lib/libkrb5support.so.0.1
7fbc41980000-7fbc41985000 r-xp 00000000 103:06 3687872                   /usr/lib/libXdmcp.so.6.0.0
7fbc41985000-7fbc41b84000 ---p 00005000 103:06 3687872                   /usr/lib/libXdmcp.so.6.0.0
7fbc41b84000-7fbc41b85000 r--p 00004000 103:06 3687872                   /usr/lib/libXdmcp.so.6.0.0
7fbc41b85000-7fbc41b86000 rw-p 00005000 103:06 3687872                   /usr/lib/libXdmcp.so.6.0.0
7fbc41b86000-7fbc41b88000 r-xp 00000000 103:06 3687940                   /usr/lib/libXau.so.6.0.0
7fbc41b88000-7fbc41d88000 ---p 00002000 103:06 3687940                   /usr/lib/libXau.so.6.0.0
7fbc41d88000-7fbc41d89000 r--p 00002000 103:06 3687940                   /usr/lib/libXau.so.6.0.0
7fbc41d89000-7fbc41d8a000 rw-p 00003000 103:06 3687940                   /usr/lib/libXau.so.6.0.0
7fbc41d8a000-7fbc41d9e000 r-xp 00000000 103:06 3673346                   /usr/lib/libresolv-2.19.so
7fbc41d9e000-7fbc41f9d000 ---p 00014000 103:06 3673346                   /usr/lib/libresolv-2.19.so
7fbc41f9d000-7fbc41f9e000 r--p 00013000 103:06 3673346                   /usr/lib/libresolv-2.19.so
7fbc41f9e000-7fbc41f9f000 rw-p 00014000 103:06 3673346                   /usr/lib/libresolv-2.19.so
7fbc41f9f000-7fbc41fa1000 rw-p 00000000 00:00 0 
7fbc41fa1000-7fbc4200a000 r-xp 00000000 103:06 3677559                   /usr/lib/libpcre.so.1.2.3
7fbc4200a000-7fbc42209000 ---p 00069000 103:06 3677559                   /usr/lib/libpcre.so.1.2.3
7fbc42209000-7fbc4220a000 r--p 00068000 103:06 3677559                   /usr/lib/libpcre.so.1.2.3
7fbc4220a000-7fbc4220b000 rw-p 00069000 103:06 3677559                   /usr/lib/libpcre.so.1.2.3
7fbc4220b000-7fbc4220e000 r-xp 00000000 103:06 3678200                   /usr/lib/libgmodule-2.0.so.0.4000.0
7fbc4220e000-7fbc4240d000 ---p 00003000 103:06 3678200                   /usr/lib/libgmodule-2.0.so.0.4000.0
7fbc4240d000-7fbc4240e000 r--p 00002000 103:06 3678200                   /usr/lib/libgmodule-2.0.so.0.4000.0
7fbc4240e000-7fbc4240f000 rw-p 00003000 103:06 3678200                   /usr/lib/libgmodule-2.0.so.0.4000.0
7fbc4240f000-7fbc42416000 r-xp 00000000 103:06 3677758                   /usr/lib/libffi.so.6.0.2
7fbc42416000-7fbc42615000 ---p 00007000 103:06 3677758                   /usr/lib/libffi.so.6.0.2
7fbc42615000-7fbc42616000 r--p 00006000 103:06 3677758                   /usr/lib/libffi.so.6.0.2
7fbc42616000-7fbc42617000 rw-p 00007000 103:06 3677758                   /usr/lib/libffi.so.6.0.2
7fbc42617000-7fbc4266c000 r-xp 00000000 103:06 3729180                   /usr/lib/libharfbuzz.so.0.932.0
7fbc4266c000-7fbc4286b000 ---p 00055000 103:06 3729180                   /usr/lib/libharfbuzz.so.0.932.0
7fbc4286b000-7fbc4286d000 r--p 00054000 103:06 3729180                   /usr/lib/libharfbuzz.so.0.932.0
7fbc4286d000-7fbc4286e000 rw-p 00056000 103:06 3729180                   /usr/lib/libharfbuzz.so.0.932.0
7fbc4286e000-7fbc428a3000 r-xp 00000000 103:06 3687887                   /usr/lib/libpng16.so.16.12.0
7fbc428a3000-7fbc42aa2000 ---p 00035000 103:06 3687887                   /usr/lib/libpng16.so.16.12.0
7fbc42aa2000-7fbc42aa3000 r--p 00034000 103:06 3687887                   /usr/lib/libpng16.so.16.12.0
7fbc42aa3000-7fbc42aa4000 rw-p 00035000 103:06 3687887                   /usr/lib/libpng16.so.16.12.0
7fbc42aa4000-7fbc42ab3000 r-xp 00000000 103:06 3676279                   /usr/lib/libbz2.so.1.0.6
7fbc42ab3000-7fbc42cb2000 ---p 0000f000 103:06 3676279                   /usr/lib/libbz2.so.1.0.6
7fbc42cb2000-7fbc42cb4000 rw-p 0000e000 103:06 3676279                   /usr/lib/libbz2.so.1.0.6
7fbc42cb4000-7fbc42cdb000 r-xp 00000000 103:06 3677484                   /usr/lib/libexpat.so.1.6.0
7fbc42cdb000-7fbc42edb000 ---p 00027000 103:06 3677484                   /usr/lib/libexpat.so.1.6.0
7fbc42edb000-7fbc42edd000 r--p 00027000 103:06 3677484                   /usr/lib/libexpat.so.1.6.0
7fbc42edd000-7fbc42ede000 rw-p 00029000 103:06 3677484                   /usr/lib/libexpat.so.1.6.0
7fbc42ede000-7fbc42ee6000 r-xp 00000000 103:06 3673450                   /usr/lib/libcrypt-2.19.so
7fbc42ee6000-7fbc430e6000 ---p 00008000 103:06 3673450                   /usr/lib/libcrypt-2.19.so
7fbc430e6000-7fbc430e7000 r--p 00008000 103:06 3673450                   /usr/lib/libcrypt-2.19.so
7fbc430e7000-7fbc430e8000 rw-p 00009000 103:06 3673450                   /usr/lib/libcrypt-2.19.so
7fbc430e8000-7fbc43116000 rw-p 00000000 00:00 0 
7fbc43116000-7fbc4315d000 r-xp 00000000 103:06 3687939                   /usr/lib/libdbus-1.so.3.8.6
7fbc4315d000-7fbc4335c000 ---p 00047000 103:06 3687939                   /usr/lib/libdbus-1.so.3.8.6
7fbc4335c000-7fbc4335d000 r--p 00046000 103:06 3687939                   /usr/lib/libdbus-1.so.3.8.6
7fbc4335d000-7fbc4335e000 rw-p 00047000 103:06 3687939                   /usr/lib/libdbus-1.so.3.8.6
7fbc4335e000-7fbc4336e000 r-xp 00000000 103:06 3693916                   /usr/lib/libavahi-client.so.3.2.9
7fbc4336e000-7fbc4356d000 ---p 00010000 103:06 3693916                   /usr/lib/libavahi-client.so.3.2.9
7fbc4356d000-7fbc4356e000 r--p 0000f000 103:06 3693916                   /usr/lib/libavahi-client.so.3.2.9
7fbc4356e000-7fbc4356f000 rw-p 00010000 103:06 3693916                   /usr/lib/libavahi-client.so.3.2.9
7fbc4356f000-7fbc4357b000 r-xp 00000000 103:06 3693906                   /usr/lib/libavahi-common.so.3.5.3
7fbc4357b000-7fbc4377a000 ---p 0000c000 103:06 3693906                   /usr/lib/libavahi-common.so.3.5.3
7fbc4377a000-7fbc4377b000 r--p 0000b000 103:06 3693906                   /usr/lib/libavahi-common.so.3.5.3
7fbc4377b000-7fbc4377c000 rw-p 0000c000 103:06 3693906                   /usr/lib/libavahi-common.so.3.5.3
7fbc4377c000-7fbc43962000 r-xp 00000000 103:06 3682216                   /usr/lib/libcrypto.so.1.0.0
7fbc43962000-7fbc43b62000 ---p 001e6000 103:06 3682216                   /usr/lib/libcrypto.so.1.0.0
7fbc43b62000-7fbc43b7e000 r--p 001e6000 103:06 3682216                   /usr/lib/libcrypto.so.1.0.0
7fbc43b7e000-7fbc43b8a000 rw-p 00202000 103:06 3682216                   /usr/lib/libcrypto.so.1.0.0
7fbc43b8a000-7fbc43b8e000 rw-p 00000000 00:00 0 
7fbc43b8e000-7fbc43bf2000 r-xp 00000000 103:06 3682215                   /usr/lib/libssl.so.1.0.0
7fbc43bf2000-7fbc43df1000 ---p 00064000 103:06 3682215                   /usr/lib/libssl.so.1.0.0
7fbc43df1000-7fbc43df5000 r--p 00063000 103:06 3682215                   /usr/lib/libssl.so.1.0.0
7fbc43df5000-7fbc43dfc000 rw-p 00067000 103:06 3682215                   /usr/lib/libssl.so.1.0.0
7fbc43dfc000-7fbc43dff000 r-xp 00000000 103:06 3679617                   /usr/lib/libcom_err.so.2.1
7fbc43dff000-7fbc43ffe000 ---p 00003000 103:06 3679617                   /usr/lib/libcom_err.so.2.1
7fbc43ffe000-7fbc43fff000 r--p 00002000 103:06 3679617                   /usr/lib/libcom_err.so.2.1
7fbc43fff000-7fbc44000000 rw-p 00003000 103:06 3679617                   /usr/lib/libcom_err.so.2.1
7fbc44000000-7fbc44021000 rw-p 00000000 00:00 0 
7fbc44021000-7fbc48000000 ---p 00000000 00:00 0 
7fbc480bf000-7fbc480ee000 r-xp 00000000 103:06 3697171                   /usr/lib/libk5crypto.so.3.1
7fbc480ee000-7fbc482ed000 ---p 0002f000 103:06 3697171                   /usr/lib/libk5crypto.so.3.1
7fbc482ed000-7fbc482ef000 r--p 0002e000 103:06 3697171                   /usr/lib/libk5crypto.so.3.1
7fbc482ef000-7fbc482f0000 rw-p 00030000 103:06 3697171                   /usr/lib/libk5crypto.so.3.1
7fbc482f0000-7fbc482f1000 rw-p 00000000 00:00 0 
7fbc482f1000-7fbc483c2000 r-xp 00000000 103:06 3693781                   /usr/lib/libkrb5.so.3.3
7fbc483c2000-7fbc485c2000 ---p 000d1000 103:06 3693781                   /usr/lib/libkrb5.so.3.3
7fbc485c2000-7fbc485cf000 r--p 000d1000 103:06 3693781                   /usr/lib/libkrb5.so.3.3
7fbc485cf000-7fbc485d2000 rw-p 000de000 103:06 3693781                   /usr/lib/libkrb5.so.3.3
7fbc485d2000-7fbc4861a000 r-xp 00000000 103:06 3693805                   /usr/lib/libgssapi_krb5.so.2.2
7fbc4861a000-7fbc4881a000 ---p 00048000 103:06 3693805                   /usr/lib/libgssapi_krb5.so.2.2
7fbc4881a000-7fbc4881c000 r--p 00048000 103:06 3693805                   /usr/lib/libgssapi_krb5.so.2.2
7fbc4881c000-7fbc4881e000 rw-p 0004a000 103:06 3693805                   /usr/lib/libgssapi_krb5.so.2.2
7fbc4881e000-7fbc4883f000 r-xp 00000000 103:06 3716901                   /usr/lib/libxcb.so.1.1.0
7fbc4883f000-7fbc48a3e000 ---p 00021000 103:06 3716901                   /usr/lib/libxcb.so.1.1.0
7fbc48a3e000-7fbc48a3f000 r--p 00020000 103:06 3716901                   /usr/lib/libxcb.so.1.1.0
7fbc48a3f000-7fbc48a40000 rw-p 00021000 103:06 3716901                   /usr/lib/libxcb.so.1.1.0
7fbc48a40000-7fbc48b45000 r-xp 00000000 103:06 3678199                   /usr/lib/libglib-2.0.so.0.4000.0
7fbc48b45000-7fbc48d45000 ---p 00105000 103:06 3678199                   /usr/lib/libglib-2.0.so.0.4000.0
7fbc48d45000-7fbc48d46000 r--p 00105000 103:06 3678199                   /usr/lib/libglib-2.0.so.0.4000.0
7fbc48d46000-7fbc48d47000 rw-p 00106000 103:06 3678199                   /usr/lib/libglib-2.0.so.0.4000.0
7fbc48d47000-7fbc48d48000 rw-p 00000000 00:00 0 
7fbc48d48000-7fbc48d96000 r-xp 00000000 103:06 3678202                   /usr/lib/libgobject-2.0.so.0.4000.0
7fbc48d96000-7fbc48f96000 ---p 0004e000 103:06 3678202                   /usr/lib/libgobject-2.0.so.0.4000.0
7fbc48f96000-7fbc48f97000 r--p 0004e000 103:06 3678202                   /usr/lib/libgobject-2.0.so.0.4000.0
7fbc48f97000-7fbc48f98000 rw-p 0004f000 103:06 3678202                   /usr/lib/libgobject-2.0.so.0.4000.0
7fbc48f98000-7fbc49101000 r-xp 00000000 103:06 3678203                   /usr/lib/libgio-2.0.so.0.4000.0
7fbc49101000-7fbc49301000 ---p 00169000 103:06 3678203                   /usr/lib/libgio-2.0.so.0.4000.0
7fbc49301000-7fbc49305000 r--p 00169000 103:06 3678203                   /usr/lib/libgio-2.0.so.0.4000.0
7fbc49305000-7fbc49307000 rw-p 0016d000 103:06 3678203                   /usr/lib/libgio-2.0.so.0.4000.0
7fbc49307000-7fbc49309000 rw-p 00000000 00:00 0 
7fbc49309000-7fbc493ac000 r-xp 00000000 103:06 3687897                   /usr/lib/libfreetype.so.6.11.2
7fbc493ac000-7fbc495ab000 ---p 000a3000 103:06 3687897                   /usr/lib/libfreetype.so.6.11.2
7fbc495ab000-7fbc495b1000 r--p 000a2000 103:06 3687897                   /usr/lib/libfreetype.so.6.11.2
7fbc495b1000-7fbc495b2000 rw-p 000a8000 103:06 3687897                   /usr/lib/libfreetype.so.6.11.2
7fbc495b2000-7fbc495ed000 r-xp 00000000 103:06 3691257                   /usr/lib/libfontconfig.so.1.8.0
7fbc495ed000-7fbc497ec000 ---p 0003b000 103:06 3691257                   /usr/lib/libfontconfig.so.1.8.0
7fbc497ec000-7fbc497ee000 r--p 0003a000 103:06 3691257                   /usr/lib/libfontconfig.so.1.8.0
7fbc497ee000-7fbc497ef000 rw-p 0003c000 103:06 3691257                   /usr/lib/libfontconfig.so.1.8.0
7fbc497ef000-7fbc4985f000 r-xp 00000000 103:06 3712222                   /usr/lib/libcups.so.2
7fbc4985f000-7fbc49a5e000 ---p 00070000 103:06 3712222                   /usr/lib/libcups.so.2
7fbc49a5e000-7fbc49a66000 rw-p 0006f000 103:06 3712222                   /usr/lib/libcups.so.2
7fbc49a66000-7fbc49a75000 r-xp 00000000 103:06 3762768                   /usr/lib/libXi.so.6.1.0
7fbc49a75000-7fbc49c75000 ---p 0000f000 103:06 3762768                   /usr/lib/libXi.so.6.1.0
7fbc49c75000-7fbc49c76000 r--p 0000f000 103:06 3762768                   /usr/lib/libXi.so.6.1.0
7fbc49c76000-7fbc49c77000 rw-p 00010000 103:06 3762768                   /usr/lib/libXi.so.6.1.0
7fbc49c77000-7fbc49c7c000 r-xp 00000000 103:06 3691928                   /usr/lib/libXtst.so.6.1.0
7fbc49c7c000-7fbc49e7b000 ---p 00005000 103:06 3691928                   /usr/lib/libXtst.so.6.1.0
7fbc49e7b000-7fbc49e7c000 r--p 00004000 103:06 3691928                   /usr/lib/libXtst.so.6.1.0
7fbc49e7c000-7fbc49e7d000 rw-p 00005000 103:06 3691928                   /usr/lib/libXtst.so.6.1.0
7fbc49e7d000-7fbc49e86000 r-xp 00000000 103:06 3691774                   /usr/lib/libXrender.so.1.3.0
7fbc49e86000-7fbc4a085000 ---p 00009000 103:06 3691774                   /usr/lib/libXrender.so.1.3.0
7fbc4a085000-7fbc4a086000 r--p 00008000 103:06 3691774                   /usr/lib/libXrender.so.1.3.0
7fbc4a086000-7fbc4a087000 rw-p 00009000 103:06 3691774                   /usr/lib/libXrender.so.1.3.0
7fbc4a087000-7fbc4a1c2000 r-xp 00000000 103:06 3690984                   /usr/lib/libX11.so.6.3.0
7fbc4a1c2000-7fbc4a3c1000 ---p 0013b000 103:06 3690984                   /usr/lib/libX11.so.6.3.0
7fbc4a3c1000-7fbc4a3c3000 r--p 0013a000 103:06 3690984                   /usr/lib/libX11.so.6.3.0
7fbc4a3c3000-7fbc4a3c8000 rw-p 0013c000 103:06 3690984                   /usr/lib/libX11.so.6.3.0
7fbc4a3c8000-7fbc4a3c9000 rw-p 00000000 00:00 0 
7fbc4a3c9000-7fbc4a3da000 r-xp 00000000 103:06 3691376                   /usr/lib/libXext.so.6.4.0
7fbc4a3da000-7fbc4a5d9000 ---p 00011000 103:06 3691376                   /usr/lib/libXext.so.6.4.0
7fbc4a5d9000-7fbc4a5da000 r--p 00010000 103:06 3691376                   /usr/lib/libXext.so.6.4.0
7fbc4a5da000-7fbc4a5db000 rw-p 00011000 103:06 3691376                   /usr/lib/libXext.so.6.4.0
7fbc4a5db000-7fbc4a622000 r-xp 00000000 103:06 538274                    /usr/lib/jvm/java-7-openjdk/jre/lib/amd64/xawt/libmawt.so
7fbc4a622000-7fbc4a822000 ---p 00047000 103:06 538274                    /usr/lib/jvm/java-7-openjdk/jre/lib/amd64/xawt/libmawt.so
7fbc4a822000-7fbc4a825000 rw-p 00047000 103:06 538274                    /usr/lib/jvm/java-7-openjdk/jre/lib/amd64/xawt/libmawt.so
7fbc4a825000-7fbc4a826000 rw-p 00000000 00:00 0 
7fbc4a826000-7fbc4a8c6000 r-xp 00000000 103:06 4469561                   /usr/lib/jvm/java-7-openjdk/jre/lib/amd64/libawt.so
7fbc4a8c6000-7fbc4aac6000 ---p 000a0000 103:06 4469561                   /usr/lib/jvm/java-7-openjdk/jre/lib/amd64/libawt.so
7fbc4aac6000-7fbc4aad2000 rw-p 000a0000 103:06 4469561                   /usr/lib/jvm/java-7-openjdk/jre/lib/amd64/libawt.so
7fbc4aad2000-7fbc4aaf6000 rw-p 00000000 00:00 0 
7fbc4aaf6000-7fbc4aaf7000 ---p 00000000 00:00 0 
7fbc4aaf7000-7fbc4abf7000 rw-p 00000000 00:00 0                          [stack:21197]
7fbc4abf7000-7fbc4abfa000 ---p 00000000 00:00 0 
7fbc4abfa000-7fbc4acf8000 rw-p 00000000 00:00 0                          [stack:21196]
7fbc4acf8000-7fbc4acfb000 ---p 00000000 00:00 0 
7fbc4acfb000-7fbc4adf9000 rw-p 00000000 00:00 0                          [stack:21195]
7fbc4adf9000-7fbc4adfc000 ---p 00000000 00:00 0 
7fbc4adfc000-7fbc4aefa000 rw-p 00000000 00:00 0                          [stack:21194]
7fbc4aefa000-7fbc4aefd000 ---p 00000000 00:00 0 
7fbc4aefd000-7fbc4affb000 rw-p 00000000 00:00 0                          [stack:21193]
7fbc4affb000-7fbc4b2f3000 r--p 00000000 103:06 3733089                   /usr/lib/locale/locale-archive
7fbc4b2f3000-7fbc4b2f6000 ---p 00000000 00:00 0 
7fbc4b2f6000-7fbc4b3f4000 rw-p 00000000 00:00 0                          [stack:21192]
7fbc4b3f4000-7fbc4b3f7000 ---p 00000000 00:00 0 
7fbc4b3f7000-7fbc4b4f5000 rw-p 00000000 00:00 0                          [stack:21191]
7fbc4b4f5000-7fbc4b4f6000 ---p 00000000 00:00 0 
7fbc4b4f6000-7fbc4c000000 rw-p 00000000 00:00 0                          [stack:21190]
7fbc4c000000-7fbc4c021000 rw-p 00000000 00:00 0 
7fbc4c021000-7fbc50000000 ---p 00000000 00:00 0 
7fbc50000000-7fbc50021000 rw-p 00000000 00:00 0 
7fbc50021000-7fbc54000000 ---p 00000000 00:00 0 
7fbc54000000-7fbc54021000 rw-p 00000000 00:00 0 
7fbc54021000-7fbc58000000 ---p 00000000 00:00 0 
7fbc58000000-7fbc58021000 rw-p 00000000 00:00 0 
7fbc58021000-7fbc5c000000 ---p 00000000 00:00 0 
7fbc5c000000-7fbc5c021000 rw-p 00000000 00:00 0 
7fbc5c021000-7fbc60000000 ---p 00000000 00:00 0 
7fbc6007a000-7fbc600cb000 rw-s 00000000 00:04 189136939                  /SYSV00000000 (deleted)
7fbc600cb000-7fbc600f1000 r--p 00000000 103:06 3673266                   /usr/share/locale/de/LC_MESSAGES/libc.mo
7fbc600f1000-7fbc61000000 rw-p 00000000 00:00 0 
7fbc61000000-7fbc61270000 rwxp 00000000 00:00 0 
7fbc61270000-7fbc644dc000 rw-p 00000000 00:00 0 
7fbc644dc000-7fbc68000000 ---p 00000000 00:00 0 
7fbc6800b000-7fbc68011000 rw-s 00000000 00:04 189202479                  /SYSV00000000 (deleted)
7fbc68011000-7fbc6808b000 r--s 005c2000 103:06 2469679                   /home/andi/Downloads/masterpassword-gui.jar
7fbc6808b000-7fbc682d6000 rw-p 00000000 00:00 0 
7fbc682d6000-7fbc68487000 r--s 01d21000 103:06 4342125                   /usr/lib/jvm/java-7-openjdk/jre/lib/rt.jar
7fbc68487000-7fbc68929000 rw-p 00000000 00:00 0 
7fbc68929000-7fbc6892a000 ---p 00000000 00:00 0 
7fbc6892a000-7fbc68a2a000 rw-p 00000000 00:00 0                          [stack:21189]
7fbc68a2a000-7fbc68a2b000 ---p 00000000 00:00 0 
7fbc68a2b000-7fbc68b2b000 rw-p 00000000 00:00 0                          [stack:21188]
7fbc68b2b000-7fbc68b2c000 ---p 00000000 00:00 0 
7fbc68b2c000-7fbc68c2c000 rw-p 00000000 00:00 0                          [stack:21187]
7fbc68c2c000-7fbc68c2d000 ---p 00000000 00:00 0 
7fbc68c2d000-7fbc68d2d000 rw-p 00000000 00:00 0                          [stack:21186]
7fbc68d2d000-7fbc68d2e000 ---p 00000000 00:00 0 
7fbc68d2e000-7fbc68e2e000 rw-p 00000000 00:00 0                          [stack:21185]
7fbc68e2e000-7fbc68e2f000 ---p 00000000 00:00 0 
7fbc68e2f000-7fbc68f2f000 rw-p 00000000 00:00 0                          [stack:21184]
7fbc68f2f000-7fbc68f30000 ---p 00000000 00:00 0 
7fbc68f30000-7fbc69030000 rw-p 00000000 00:00 0                          [stack:21183]
7fbc69030000-7fbc69031000 ---p 00000000 00:00 0 
7fbc69031000-7fbc6915a000 rw-p 00000000 00:00 0                          [stack:21182]
7fbc6915a000-7fbc693c2000 rw-p 00000000 00:00 0 
7fbc693c2000-7fbc693cd000 rw-p 00000000 00:00 0 
7fbc693cd000-7fbc69415000 rw-p 00000000 00:00 0 
7fbc69415000-7fbc6943e000 rw-p 00000000 00:00 0 
7fbc6943e000-7fbc696a5000 rw-p 00000000 00:00 0 
7fbc696a5000-7fbc696ba000 rw-p 00000000 00:00 0 
7fbc696ba000-7fbc697ee000 rw-p 00000000 00:00 0 
7fbc697ee000-7fbc697f9000 rw-p 00000000 00:00 0 
7fbc697f9000-7fbc698af000 rw-p 00000000 00:00 0 
7fbc698af000-7fbc698b7000 r-xp 00000000 103:06 4468792                   /usr/lib/jvm/java-7-openjdk/jre/lib/amd64/libzip.so
7fbc698b7000-7fbc69ab6000 ---p 00008000 103:06 4468792                   /usr/lib/jvm/java-7-openjdk/jre/lib/amd64/libzip.so
7fbc69ab6000-7fbc69ab7000 rw-p 00007000 103:06 4468792                   /usr/lib/jvm/java-7-openjdk/jre/lib/amd64/libzip.so
7fbc69ab7000-7fbc69ac2000 r-xp 00000000 103:06 3673411                   /usr/lib/libnss_files-2.19.so
7fbc69ac2000-7fbc69cc1000 ---p 0000b000 103:06 3673411                   /usr/lib/libnss_files-2.19.so
7fbc69cc1000-7fbc69cc2000 r--p 0000a000 103:06 3673411                   /usr/lib/libnss_files-2.19.so
7fbc69cc2000-7fbc69cc3000 rw-p 0000b000 103:06 3673411                   /usr/lib/libnss_files-2.19.so
7fbc69cc3000-7fbc69cef000 r-xp 00000000 103:06 4468791                   /usr/lib/jvm/java-7-openjdk/jre/lib/amd64/libjava.so
7fbc69cef000-7fbc69eee000 ---p 0002c000 103:06 4468791                   /usr/lib/jvm/java-7-openjdk/jre/lib/amd64/libjava.so
7fbc69eee000-7fbc69ef0000 rw-p 0002b000 103:06 4468791                   /usr/lib/jvm/java-7-openjdk/jre/lib/amd64/libjava.so
7fbc69ef0000-7fbc69efd000 r-xp 00000000 103:06 4468782                   /usr/lib/jvm/java-7-openjdk/jre/lib/amd64/libverify.so
7fbc69efd000-7fbc6a0fc000 ---p 0000d000 103:06 4468782                   /usr/lib/jvm/java-7-openjdk/jre/lib/amd64/libverify.so
7fbc6a0fc000-7fbc6a0fe000 rw-p 0000c000 103:06 4468782                   /usr/lib/jvm/java-7-openjdk/jre/lib/amd64/libverify.so
7fbc6a0fe000-7fbc6a105000 r-xp 00000000 103:06 3673412                   /usr/lib/librt-2.19.so
7fbc6a105000-7fbc6a304000 ---p 00007000 103:06 3673412                   /usr/lib/librt-2.19.so
7fbc6a304000-7fbc6a305000 r--p 00006000 103:06 3673412                   /usr/lib/librt-2.19.so
7fbc6a305000-7fbc6a306000 rw-p 00007000 103:06 3673412                   /usr/lib/librt-2.19.so
7fbc6a306000-7fbc6a31c000 r-xp 00000000 103:06 3676306                   /usr/lib/libgcc_s.so.1
7fbc6a31c000-7fbc6a51b000 ---p 00016000 103:06 3676306                   /usr/lib/libgcc_s.so.1
7fbc6a51b000-7fbc6a51c000 rw-p 00015000 103:06 3676306                   /usr/lib/libgcc_s.so.1
7fbc6a51c000-7fbc6a61f000 r-xp 00000000 103:06 3673333                   /usr/lib/libm-2.19.so
7fbc6a61f000-7fbc6a81e000 ---p 00103000 103:06 3673333                   /usr/lib/libm-2.19.so
7fbc6a81e000-7fbc6a81f000 r--p 00102000 103:06 3673333                   /usr/lib/libm-2.19.so
7fbc6a81f000-7fbc6a820000 rw-p 00103000 103:06 3673333                   /usr/lib/libm-2.19.so
7fbc6a820000-7fbc6a910000 r-xp 00000000 103:06 3762208                   /usr/lib/libstdc++.so.6.0.20
7fbc6a910000-7fbc6ab10000 ---p 000f0000 103:06 3762208                   /usr/lib/libstdc++.so.6.0.20
7fbc6ab10000-7fbc6ab18000 r--p 000f0000 103:06 3762208                   /usr/lib/libstdc++.so.6.0.20
7fbc6ab18000-7fbc6ab1a000 rw-p 000f8000 103:06 3762208                   /usr/lib/libstdc++.so.6.0.20
7fbc6ab1a000-7fbc6ab2f000 rw-p 00000000 00:00 0 
7fbc6ab2f000-7fbc6b677000 r-xp 00000000 103:06 4471608                   /usr/lib/jvm/java-7-openjdk/jre/lib/amd64/server/libjvm.so
7fbc6b677000-7fbc6b876000 ---p 00b48000 103:06 4471608                   /usr/lib/jvm/java-7-openjdk/jre/lib/amd64/server/libjvm.so
7fbc6b876000-7fbc6b938000 rw-p 00b47000 103:06 4471608                   /usr/lib/jvm/java-7-openjdk/jre/lib/amd64/server/libjvm.so
7fbc6b938000-7fbc6b964000 rw-p 00000000 00:00 0 
7fbc6b964000-7fbc6b979000 r-xp 00000000 103:06 3676351                   /usr/lib/libz.so.1.2.8
7fbc6b979000-7fbc6bb78000 ---p 00015000 103:06 3676351                   /usr/lib/libz.so.1.2.8
7fbc6bb78000-7fbc6bb79000 r--p 00014000 103:06 3676351                   /usr/lib/libz.so.1.2.8
7fbc6bb79000-7fbc6bb7a000 rw-p 00015000 103:06 3676351                   /usr/lib/libz.so.1.2.8
7fbc6bb7a000-7fbc6bd1e000 r-xp 00000000 103:06 3673419                   /usr/lib/libc-2.19.so
7fbc6bd1e000-7fbc6bf1e000 ---p 001a4000 103:06 3673419                   /usr/lib/libc-2.19.so
7fbc6bf1e000-7fbc6bf22000 r--p 001a4000 103:06 3673419                   /usr/lib/libc-2.19.so
7fbc6bf22000-7fbc6bf24000 rw-p 001a8000 103:06 3673419                   /usr/lib/libc-2.19.so
7fbc6bf24000-7fbc6bf28000 rw-p 00000000 00:00 0 
7fbc6bf28000-7fbc6bf2b000 r-xp 00000000 103:06 3673359                   /usr/lib/libdl-2.19.so
7fbc6bf2b000-7fbc6c12a000 ---p 00003000 103:06 3673359                   /usr/lib/libdl-2.19.so
7fbc6c12a000-7fbc6c12b000 r--p 00002000 103:06 3673359                   /usr/lib/libdl-2.19.so
7fbc6c12b000-7fbc6c12c000 rw-p 00003000 103:06 3673359                   /usr/lib/libdl-2.19.so
7fbc6c12c000-7fbc6c139000 r-xp 00000000 103:06 145526                    /usr/lib/jvm/java-7-openjdk/jre/lib/amd64/jli/libjli.so
7fbc6c139000-7fbc6c338000 ---p 0000d000 103:06 145526                    /usr/lib/jvm/java-7-openjdk/jre/lib/amd64/jli/libjli.so
7fbc6c338000-7fbc6c339000 rw-p 0000c000 103:06 145526                    /usr/lib/jvm/java-7-openjdk/jre/lib/amd64/jli/libjli.so
7fbc6c339000-7fbc6c351000 r-xp 00000000 103:06 3673437                   /usr/lib/libpthread-2.19.so
7fbc6c351000-7fbc6c551000 ---p 00018000 103:06 3673437                   /usr/lib/libpthread-2.19.so
7fbc6c551000-7fbc6c552000 r--p 00018000 103:06 3673437                   /usr/lib/libpthread-2.19.so
7fbc6c552000-7fbc6c553000 rw-p 00019000 103:06 3673437                   /usr/lib/libpthread-2.19.so
7fbc6c553000-7fbc6c557000 rw-p 00000000 00:00 0 
7fbc6c557000-7fbc6c578000 r-xp 00000000 103:06 3673393                   /usr/lib/ld-2.19.so
7fbc6c57d000-7fbc6c582000 r--s 0004c000 103:06 4342570                   /usr/lib/jvm/java-7-openjdk/jre/lib/jsse.jar
7fbc6c582000-7fbc6c586000 r--s 00085000 103:06 144483                    /usr/lib/jvm/java-7-openjdk/jre/lib/ext/localedata.jar
7fbc6c586000-7fbc6c5ec000 rw-p 00000000 00:00 0 
7fbc6c5ec000-7fbc6c634000 rw-p 00000000 00:00 0 
7fbc6c634000-7fbc6c637000 ---p 00000000 00:00 0 
7fbc6c637000-7fbc6c739000 rw-p 00000000 00:00 0                          [stack:21181]
7fbc6c739000-7fbc6c742000 r--s 000b9000 103:06 4342126                   /usr/lib/jvm/java-7-openjdk/jre/lib/resources.jar
7fbc6c742000-7fbc6c76c000 rw-p 00000000 00:00 0 
7fbc6c76c000-7fbc6c774000 rw-s 00000000 00:20 1045225                    /tmp/hsperfdata_andi/21180
7fbc6c774000-7fbc6c775000 rw-p 00000000 00:00 0 
7fbc6c775000-7fbc6c776000 r--p 00000000 00:00 0 
7fbc6c776000-7fbc6c777000 rw-p 00000000 00:00 0 
7fbc6c777000-7fbc6c778000 r--p 00020000 103:06 3673393                   /usr/lib/ld-2.19.so
7fbc6c778000-7fbc6c779000 rw-p 00021000 103:06 3673393                   /usr/lib/ld-2.19.so
7fbc6c779000-7fbc6c77a000 rw-p 00000000 00:00 0 
7fffec6c0000-7fffec6e1000 rw-p 00000000 00:00 0                          [stack]
7fffec79f000-7fffec7a1000 r-xp 00000000 00:00 0                          [vdso]
ffffffffff600000-ffffffffff601000 r-xp 00000000 00:00 0                  [vsyscall]

VM Arguments:
java_command: /home/andi/Downloads/masterpassword-gui.jar -h
Launcher Type: SUN_STANDARD

Environment Variables:
JAVA_HOME=/usr/lib/jvm/java-7-openjdk
PATH=/usr/local/sbin:/usr/local/bin:/usr/bin:/opt/kde/bin:/usr/lib/mailman/bin:/usr/bin/vendor_perl:/usr/bin/core_perl
USERNAME=andi
SHELL=/bin/zsh
DISPLAY=:0

Signal Handlers:
SIGSEGV: [libjvm.so+0x97c3b0], sa_mask[0]=0x7ffbfeff, sa_flags=0x10000004
SIGBUS: [libjvm.so+0x97c3b0], sa_mask[0]=0x7ffbfeff, sa_flags=0x10000004
SIGFPE: [libjvm.so+0x7eab30], sa_mask[0]=0x7ffbfeff, sa_flags=0x10000004
SIGPIPE: [libjvm.so+0x7eab30], sa_mask[0]=0x7ffbfeff, sa_flags=0x10000004
SIGXFSZ: [libjvm.so+0x7eab30], sa_mask[0]=0x7ffbfeff, sa_flags=0x10000004
SIGILL: [libjvm.so+0x7eab30], sa_mask[0]=0x7ffbfeff, sa_flags=0x10000004
SIGUSR1: SIG_DFL, sa_mask[0]=0x00000000, sa_flags=0x00000000
SIGUSR2: [libjvm.so+0x7ea9b0], sa_mask[0]=0x00000000, sa_flags=0x10000004
SIGHUP: [libjvm.so+0x7eabb0], sa_mask[0]=0x7ffbfeff, sa_flags=0x10000004
SIGINT: [libjvm.so+0x7eabb0], sa_mask[0]=0x7ffbfeff, sa_flags=0x10000004
SIGTERM: [libjvm.so+0x7eabb0], sa_mask[0]=0x7ffbfeff, sa_flags=0x10000004
SIGQUIT: [libjvm.so+0x7eabb0], sa_mask[0]=0x7ffbfeff, sa_flags=0x10000004
SIGTRAP: SIG_DFL, sa_mask[0]=0x00000000, sa_flags=0x00000000


---------------  S Y S T E M  ---------------

OS:Linux
uname:Linux 3.15.8-1-ARCH #1 SMP PREEMPT Fri Aug 1 08:51:42 CEST 2014 x86_64
libc:glibc 2.19 NPTL 2.19 
rlimit: STACK 8192k, CORE infinity, NPROC 30736, NOFILE 4096, AS infinity
load average:0,71 0,53 0,97

/proc/meminfo:
MemTotal:        8063448 kB
MemFree:          189676 kB
MemAvailable:     748284 kB
Buffers:           26580 kB
Cached:          1915572 kB
SwapCached:        36464 kB
Active:          5844024 kB
Inactive:        1581136 kB
Active(anon):    5516044 kB
Inactive(anon):  1245152 kB
Active(file):     327980 kB
Inactive(file):   335984 kB
Unevictable:       15840 kB
Mlocked:           15840 kB
SwapTotal:       2097148 kB
SwapFree:         411772 kB
Dirty:               108 kB
Writeback:             0 kB
AnonPages:       5477828 kB
Mapped:           474392 kB
Shmem:           1271748 kB
Slab:             202068 kB
SReclaimable:     127160 kB
SUnreclaim:        74908 kB
KernelStack:       14528 kB
PageTables:        76544 kB
NFS_Unstable:          0 kB
Bounce:                0 kB
WritebackTmp:          0 kB
CommitLimit:     6128872 kB
Committed_AS:   15333304 kB
VmallocTotal:   34359738367 kB
VmallocUsed:      426712 kB
VmallocChunk:   34359178944 kB
HardwareCorrupted:     0 kB
AnonHugePages:    657408 kB
HugePages_Total:       0
HugePages_Free:        0
HugePages_Rsvd:        0
HugePages_Surp:        0
Hugepagesize:       2048 kB
DirectMap4k:       87976 kB
DirectMap2M:     8183808 kB


CPU:total 8 (4 cores per cpu, 2 threads per core) family 6 model 58 stepping 9, cmov, cx8, fxsr, mmx, sse, sse2, sse3, ssse3, sse4.1, sse4.2, popcnt, avx, aes, erms, ht, tsc, tscinvbit, tscinv

/proc/cpuinfo:
processor	: 0
vendor_id	: GenuineIntel
cpu family	: 6
model		: 58
model name	: Intel(R) Core(TM) i7-3632QM CPU @ 2.20GHz
stepping	: 9
microcode	: 0x15
cpu MHz		: 2909.585
cache size	: 6144 KB
physical id	: 0
siblings	: 8
core id		: 0
cpu cores	: 4
apicid		: 0
initial apicid	: 0
fpu		: yes
fpu_exception	: yes
cpuid level	: 13
wp		: yes
flags		: fpu vme de pse tsc msr pae mce cx8 apic sep mtrr pge mca cmov pat pse36 clflush dts acpi mmx fxsr sse sse2 ss ht tm pbe syscall nx rdtscp lm constant_tsc arch_perfmon pebs bts rep_good nopl xtopology nonstop_tsc aperfmperf eagerfpu pni pclmulqdq dtes64 monitor ds_cpl vmx est tm2 ssse3 cx16 xtpr pdcm pcid sse4_1 sse4_2 x2apic popcnt tsc_deadline_timer aes xsave avx f16c rdrand lahf_lm ida arat epb xsaveopt pln pts dtherm tpr_shadow vnmi flexpriority ept vpid fsgsbase smep erms
bogomips	: 4391.87
clflush size	: 64
cache_alignment	: 64
address sizes	: 36 bits physical, 48 bits virtual
power management:

processor	: 1
vendor_id	: GenuineIntel
cpu family	: 6
model		: 58
model name	: Intel(R) Core(TM) i7-3632QM CPU @ 2.20GHz
stepping	: 9
microcode	: 0x15
cpu MHz		: 2907.007
cache size	: 6144 KB
physical id	: 0
siblings	: 8
core id		: 1
cpu cores	: 4
apicid		: 2
initial apicid	: 2
fpu		: yes
fpu_exception	: yes
cpuid level	: 13
wp		: yes
flags		: fpu vme de pse tsc msr pae mce cx8 apic sep mtrr pge mca cmov pat pse36 clflush dts acpi mmx fxsr sse sse2 ss ht tm pbe syscall nx rdtscp lm constant_tsc arch_perfmon pebs bts rep_good nopl xtopology nonstop_tsc aperfmperf eagerfpu pni pclmulqdq dtes64 monitor ds_cpl vmx est tm2 ssse3 cx16 xtpr pdcm pcid sse4_1 sse4_2 x2apic popcnt tsc_deadline_timer aes xsave avx f16c rdrand lahf_lm ida arat epb xsaveopt pln pts dtherm tpr_shadow vnmi flexpriority ept vpid fsgsbase smep erms
bogomips	: 4391.87
clflush size	: 64
cache_alignment	: 64
address sizes	: 36 bits physical, 48 bits virtual
power management:

processor	: 2
vendor_id	: GenuineIntel
cpu family	: 6
model		: 58
model name	: Intel(R) Core(TM) i7-3632QM CPU @ 2.20GHz
stepping	: 9
microcode	: 0x15
cpu MHz		: 3008.843
cache size	: 6144 KB
physical id	: 0
siblings	: 8
core id		: 2
cpu cores	: 4
apicid		: 4
initial apicid	: 4
fpu		: yes
fpu_exception	: yes
cpuid level	: 13
wp		: yes
flags		: fpu vme de pse tsc msr pae mce cx8 apic sep mtrr pge mca cmov pat pse36 clflush dts acpi mmx fxsr sse sse2 ss ht tm pbe syscall nx rdtscp lm constant_tsc arch_perfmon pebs bts rep_good nopl xtopology nonstop_tsc aperfmperf eagerfpu pni pclmulqdq dtes64 monitor ds_cpl vmx est tm2 ssse3 cx16 xtpr pdcm pcid sse4_1 sse4_2 x2apic popcnt tsc_deadline_timer aes xsave avx f16c rdrand lahf_lm ida arat epb xsaveopt pln pts dtherm tpr_shadow vnmi flexpriority ept vpid fsgsbase smep erms
bogomips	: 4391.87
clflush size	: 64
cache_alignment	: 64
address sizes	: 36 bits physical, 48 bits virtual
power management:

processor	: 3
vendor_id	: GenuineIntel
cpu family	: 6
model		: 58
model name	: Intel(R) Core(TM) i7-3632QM CPU @ 2.20GHz
stepping	: 9
microcode	: 0x15
cpu MHz		: 2899.960
cache size	: 6144 KB
physical id	: 0
siblings	: 8
core id		: 3
cpu cores	: 4
apicid		: 6
initial apicid	: 6
fpu		: yes
fpu_exception	: yes
cpuid level	: 13
wp		: yes
flags		: fpu vme de pse tsc msr pae mce cx8 apic sep mtrr pge mca cmov pat pse36 clflush dts acpi mmx fxsr sse sse2 ss ht tm pbe syscall nx rdtscp lm constant_tsc arch_perfmon pebs bts rep_good nopl xtopology nonstop_tsc aperfmperf eagerfpu pni pclmulqdq dtes64 monitor ds_cpl vmx est tm2 ssse3 cx16 xtpr pdcm pcid sse4_1 sse4_2 x2apic popcnt tsc_deadline_timer aes xsave avx f16c rdrand lahf_lm ida arat epb xsaveopt pln pts dtherm tpr_shadow vnmi flexpriority ept vpid fsgsbase smep erms
bogomips	: 4391.87
clflush size	: 64
cache_alignment	: 64
address sizes	: 36 bits physical, 48 bits virtual
power management:

processor	: 4
vendor_id	: GenuineIntel
cpu family	: 6
model		: 58
model name	: Intel(R) Core(TM) i7-3632QM CPU @ 2.20GHz
stepping	: 9
microcode	: 0x15
cpu MHz		: 2712.187
cache size	: 6144 KB
physical id	: 0
siblings	: 8
core id		: 0
cpu cores	: 4
apicid		: 1
initial apicid	: 1
fpu		: yes
fpu_exception	: yes
cpuid level	: 13
wp		: yes
flags		: fpu vme de pse tsc msr pae mce cx8 apic sep mtrr pge mca cmov pat pse36 clflush dts acpi mmx fxsr sse sse2 ss ht tm pbe syscall nx rdtscp lm constant_tsc arch_perfmon pebs bts rep_good nopl xtopology nonstop_tsc aperfmperf eagerfpu pni pclmulqdq dtes64 monitor ds_cpl vmx est tm2 ssse3 cx16 xtpr pdcm pcid sse4_1 sse4_2 x2apic popcnt tsc_deadline_timer aes xsave avx f16c rdrand lahf_lm ida arat epb xsaveopt pln pts dtherm tpr_shadow vnmi flexpriority ept vpid fsgsbase smep erms
bogomips	: 4391.87
clflush size	: 64
cache_alignment	: 64
address sizes	: 36 bits physical, 48 bits virtual
power management:

processor	: 5
vendor_id	: GenuineIntel
cpu family	: 6
model		: 58
model name	: Intel(R) Core(TM) i7-3632QM CPU @ 2.20GHz
stepping	: 9
microcode	: 0x15
cpu MHz		: 2937.343
cache size	: 6144 KB
physical id	: 0
siblings	: 8
core id		: 1
cpu cores	: 4
apicid		: 3
initial apicid	: 3
fpu		: yes
fpu_exception	: yes
cpuid level	: 13
wp		: yes
flags		: fpu vme de pse tsc msr pae mce cx8 apic sep mtrr pge mca cmov pat pse36 clflush dts acpi mmx fxsr sse sse2 ss ht tm pbe syscall nx rdtscp lm constant_tsc arch_perfmon pebs bts rep_good nopl xtopology nonstop_tsc aperfmperf eagerfpu pni pclmulqdq dtes64 monitor ds_cpl vmx est tm2 ssse3 cx16 xtpr pdcm pcid sse4_1 sse4_2 x2apic popcnt tsc_deadline_timer aes xsave avx f16c rdrand lahf_lm ida arat epb xsaveopt pln pts dtherm tpr_shadow vnmi flexpriority ept vpid fsgsbase smep erms
bogomips	: 4391.87
clflush size	: 64
cache_alignment	: 64
address sizes	: 36 bits physical, 48 bits virtual
power management:

processor	: 6
vendor_id	: GenuineIntel
cpu family	: 6
model		: 58
model name	: Intel(R) Core(TM) i7-3632QM CPU @ 2.20GHz
stepping	: 9
microcode	: 0x15
cpu MHz		: 3084.296
cache size	: 6144 KB
physical id	: 0
siblings	: 8
core id		: 2
cpu cores	: 4
apicid		: 5
initial apicid	: 5
fpu		: yes
fpu_exception	: yes
cpuid level	: 13
wp		: yes
flags		: fpu vme de pse tsc msr pae mce cx8 apic sep mtrr pge mca cmov pat pse36 clflush dts acpi mmx fxsr sse sse2 ss ht tm pbe syscall nx rdtscp lm constant_tsc arch_perfmon pebs bts rep_good nopl xtopology nonstop_tsc aperfmperf eagerfpu pni pclmulqdq dtes64 monitor ds_cpl vmx est tm2 ssse3 cx16 xtpr pdcm pcid sse4_1 sse4_2 x2apic popcnt tsc_deadline_timer aes xsave avx f16c rdrand lahf_lm ida arat epb xsaveopt pln pts dtherm tpr_shadow vnmi flexpriority ept vpid fsgsbase smep erms
bogomips	: 4391.87
clflush size	: 64
cache_alignment	: 64
address sizes	: 36 bits physical, 48 bits virtual
power management:

processor	: 7
vendor_id	: GenuineIntel
cpu family	: 6
model		: 58
model name	: Intel(R) Core(TM) i7-3632QM CPU @ 2.20GHz
stepping	: 9
microcode	: 0x15
cpu MHz		: 2910.617
cache size	: 6144 KB
physical id	: 0
siblings	: 8
core id		: 3
cpu cores	: 4
apicid		: 7
initial apicid	: 7
fpu		: yes
fpu_exception	: yes
cpuid level	: 13
wp		: yes
flags		: fpu vme de pse tsc msr pae mce cx8 apic sep mtrr pge mca cmov pat pse36 clflush dts acpi mmx fxsr sse sse2 ss ht tm pbe syscall nx rdtscp lm constant_tsc arch_perfmon pebs bts rep_good nopl xtopology nonstop_tsc aperfmperf eagerfpu pni pclmulqdq dtes64 monitor ds_cpl vmx est tm2 ssse3 cx16 xtpr pdcm pcid sse4_1 sse4_2 x2apic popcnt tsc_deadline_timer aes xsave avx f16c rdrand lahf_lm ida arat epb xsaveopt pln pts dtherm tpr_shadow vnmi flexpriority ept vpid fsgsbase smep erms
bogomips	: 4391.87
clflush size	: 64
cache_alignment	: 64
address sizes	: 36 bits physical, 48 bits virtual
power management:



Memory: 4k page, physical 8063448k(189676k free), swap 2097148k(411772k free)

vm_info: OpenJDK 64-Bit Server VM (24.65-b04) for linux-amd64 JRE (1.7.0_65-b32), built on Jul 16 2014 12:18:44 by "nobody" with gcc 4.9.0 20140604 (prerelease)

time: Thu Aug 14 10:34:56 2014
elapsed time: 7 seconds

